#
# There is insufficient memory for the Java Runtime Environment to continue.
# Native memory allocation (mmap) failed to map 48234496 bytes. Error detail: G1 virtual space
# Possible reasons:
#   The system is out of physical RAM or swap space
#   This process is running with CompressedOops enabled, and the Java Heap may be blocking the growth of the native heap
# Possible solutions:
#   Reduce memory load on the system
#   Increase physical memory or swap space
#   Check if swap backing store is full
#   Decrease Java heap size (-Xmx/-Xms)
#   Decrease number of Java threads
#   Decrease Java thread stack sizes (-Xss)
#   Set larger code cache with -XX:ReservedCodeCacheSize=
#   JVM is running with Zero Based Compressed Oops mode in which the Java heap is
#     placed in the first 32GB address space. The Java Heap base address is the
#     maximum limit for the native heap growth. Please use -XX:HeapBaseMinAddress
#     to set the Java Heap base and to place the Java Heap above 32GB virtual address.
# This output file may be truncated or incomplete.
#
#  Out of Memory Error (os_windows.cpp:3631), pid=38576, tid=33308
#
# JRE version: OpenJDK Runtime Environment (22.0.2+9) (build 22.0.2+9-70)
# Java VM: OpenJDK 64-Bit Server VM (22.0.2+9-70, mixed mode, emulated-client, sharing, tiered, compressed oops, compressed class ptrs, g1 gc, windows-amd64)
# No core dump will be written. Minidumps are not enabled by default on client versions of Windows
#

---------------  S U M M A R Y ------------

Command Line: -XX:TieredStopAtLevel=1 -Dspring.output.ansi.enabled=always -Dcom.sun.management.jmxremote -Dspring.jmx.enabled=true -Dspring.liveBeansView.mbeanDomain -Dspring.application.admin.enabled=true -Dmanagement.endpoints.jmx.exposure.include=* -javaagent:C:\Program Files\JetBrains\IntelliJ IDEA 2024.1.4\lib\idea_rt.jar=23583:C:\Program Files\JetBrains\IntelliJ IDEA 2024.1.4\bin -Dfile.encoding=UTF-8 -Dsun.stdout.encoding=UTF-8 -Dsun.stderr.encoding=UTF-8 com.ipark.adminpanel.IparkAdminApplication

Host: AMD Ryzen 5 7640HS w/ Radeon 760M Graphics     , 12 cores, 15G,  Windows 11 , 64 bit Build 22621 (10.0.22621.3958)
Time: Wed Aug 28 17:03:55 2024 India Standard Time elapsed time: 448.475950 seconds (0d 0h 7m 28s)

---------------  T H R E A D  ---------------

Current thread (0x0000021aed2c88d0):  VMThread "VM Thread"          [id=33308, stack(0x000000e976c00000,0x000000e976d00000) (1024K)]

Stack: [0x000000e976c00000,0x000000e976d00000]
Native frames: (J=compiled Java code, j=interpreted, Vv=VM code, C=native code)
V  [jvm.dll+0x6e26e9]  (no source info available)
V  [jvm.dll+0x875753]  (no source info available)
V  [jvm.dll+0x877b7e]  (no source info available)
V  [jvm.dll+0x878253]  (no source info available)
V  [jvm.dll+0x27fc86]  (no source info available)
V  [jvm.dll+0x6ded85]  (no source info available)
V  [jvm.dll+0x6d388a]  (no source info available)
V  [jvm.dll+0x358b8a]  (no source info available)
V  [jvm.dll+0x3610b6]  (no source info available)
V  [jvm.dll+0x3b419e]  (no source info available)
V  [jvm.dll+0x3b4448]  (no source info available)
V  [jvm.dll+0x32c5ec]  (no source info available)
V  [jvm.dll+0x32c677]  (no source info available)
V  [jvm.dll+0x37244c]  (no source info available)
V  [jvm.dll+0x370b46]  (no source info available)
V  [jvm.dll+0x32bcd7]  (no source info available)
V  [jvm.dll+0x370304]  (no source info available)
V  [jvm.dll+0x87e0f0]  (no source info available)
V  [jvm.dll+0x87f477]  (no source info available)
V  [jvm.dll+0x87f9f0]  (no source info available)
V  [jvm.dll+0x87fc93]  (no source info available)
V  [jvm.dll+0x81dc0b]  (no source info available)
V  [jvm.dll+0x6e0d85]  (no source info available)
C  [ucrtbase.dll+0x29333]  (no source info available)
C  [KERNEL32.DLL+0x1257d]  (no source info available)
C  [ntdll.dll+0x5af28]  (no source info available)

VM_Operation (0x000000e9764fa570): G1CollectForAllocation, mode: safepoint, requested by thread 0x0000021aed2f5ba0


---------------  P R O C E S S  ---------------

Threads class SMR info:
_java_thread_list=0x0000021ac8514840, length=47, elements={
0x0000021aed2e0ed0, 0x0000021aed2e1bf0, 0x0000021aed2e8620, 0x0000021aed2ef610,
0x0000021aed2f2300, 0x0000021aed2f3440, 0x0000021aed2fa660, 0x0000021aed2f2db0,
0x0000021aed2f3ad0, 0x0000021aed2f47f0, 0x0000021aed2f5510, 0x0000021aed2f6230,
0x0000021ac7a34470, 0x0000021ac7a38ca0, 0x0000021ac7ed73e0, 0x0000021ac7eda860,
0x0000021ac7ed3f60, 0x0000021aed2f4e80, 0x0000021aed2f5ba0, 0x0000021ac6ddb090,
0x0000021ac7a378f0, 0x0000021ac7a39330, 0x0000021ac7a399c0, 0x0000021ac7a3a050,
0x0000021ac7a34b00, 0x0000021ac7a37f80, 0x0000021ac7a35190, 0x0000021ac7a3ad70,
0x0000021ac7a33de0, 0x0000021ac7a3b400, 0x0000021ac7a35820, 0x0000021ac7a35eb0,
0x0000021ac7a38610, 0x0000021ac7a36540, 0x0000021ac7a36bd0, 0x0000021ac7a37260,
0x0000021ac7edaef0, 0x0000021ac7edb580, 0x0000021ac7ed6030, 0x0000021ac7ed45f0,
0x0000021ac7ed4c80, 0x0000021ac7ed5310, 0x0000021ac7ed8100, 0x0000021ac7ed59a0,
0x0000021ac7d85630, 0x0000021ac9177ca0, 0x0000021ac7ed94b0
}

Java Threads: ( => current thread )
  0x0000021aed2e0ed0 JavaThread "Reference Handler"          daemon [_thread_blocked, id=6192, stack(0x000000e976d00000,0x000000e976e00000) (1024K)]
  0x0000021aed2e1bf0 JavaThread "Finalizer"                  daemon [_thread_blocked, id=7164, stack(0x000000e976e00000,0x000000e976f00000) (1024K)]
  0x0000021aed2e8620 JavaThread "Signal Dispatcher"          daemon [_thread_blocked, id=39944, stack(0x000000e976f00000,0x000000e977000000) (1024K)]
  0x0000021aed2ef610 JavaThread "Attach Listener"            daemon [_thread_blocked, id=42632, stack(0x000000e977000000,0x000000e977100000) (1024K)]
  0x0000021aed2f2300 JavaThread "Service Thread"             daemon [_thread_blocked, id=31584, stack(0x000000e977100000,0x000000e977200000) (1024K)]
  0x0000021aed2f3440 JavaThread "Monitor Deflation Thread"   daemon [_thread_blocked, id=31880, stack(0x000000e977200000,0x000000e977300000) (1024K)]
  0x0000021aed2fa660 JavaThread "C1 CompilerThread0"         daemon [_thread_blocked, id=42600, stack(0x000000e977300000,0x000000e977400000) (1024K)]
  0x0000021aed2f2db0 JavaThread "Common-Cleaner"             daemon [_thread_blocked, id=42604, stack(0x000000e977400000,0x000000e977500000) (1024K)]
  0x0000021aed2f3ad0 JavaThread "Monitor Ctrl-Break"         daemon [_thread_in_native, id=42872, stack(0x000000e977700000,0x000000e977800000) (1024K)]
  0x0000021aed2f47f0 JavaThread "Notification Thread"        daemon [_thread_blocked, id=42868, stack(0x000000e977800000,0x000000e977900000) (1024K)]
  0x0000021aed2f5510 JavaThread "RMI TCP Accept-0"           daemon [_thread_in_native, id=42932, stack(0x000000e977a00000,0x000000e977b00000) (1024K)]
  0x0000021aed2f6230 JavaThread "RMI Scheduler(0)"           daemon [_thread_blocked, id=33904, stack(0x000000e978900000,0x000000e978a00000) (1024K)]
  0x0000021ac7a34470 JavaThread "Jndi-Dns-address-change-listener" daemon [_thread_in_native, id=42076, stack(0x000000e978a00000,0x000000e978b00000) (1024K)]
  0x0000021ac7a38ca0 JavaThread "BufferPoolPruner-1-thread-1" daemon [_thread_blocked, id=42964, stack(0x000000e978b00000,0x000000e978c00000) (1024K)]
  0x0000021ac7ed73e0 JavaThread "Live Reload Server"         daemon [_thread_in_native, id=42780, stack(0x000000e97a500000,0x000000e97a600000) (1024K)]
  0x0000021ac7eda860 JavaThread "PostgreSQL-JDBC-Cleaner"    daemon [_thread_blocked, id=39816, stack(0x000000e97a400000,0x000000e97a500000) (1024K)]
  0x0000021ac7ed3f60 JavaThread "DestroyJavaVM"                     [_thread_blocked, id=34764, stack(0x000000e976500000,0x000000e976600000) (1024K)]
  0x0000021aed2f4e80 JavaThread "Thread-4"                          [_thread_blocked, id=40072, stack(0x000000e976200000,0x000000e976300000) (1024K)]
  0x0000021aed2f5ba0 JavaThread "restartedMain"                     [_thread_blocked, id=38096, stack(0x000000e976400000,0x000000e976500000) (1024K)]
  0x0000021ac6ddb090 JavaThread "C1 CompilerThread1"         daemon [_thread_blocked, id=24488, stack(0x000000e977500000,0x000000e977600000) (1024K)]
  0x0000021ac7a378f0 JavaThread "cluster-ClusterId{value='66cf0b222066d22c15278350', description='PARQCluster'}-srv-parqcluster.r5c76bj.mongodb.net" daemon [_thread_blocked, id=35880, stack(0x000000e977600000,0x000000e977700000) (1024K)]
  0x0000021ac7a39330 JavaThread "cluster-ClusterId{value='66cf0b222066d22c15278350', description='PARQCluster'}-ac-v6lo0zt-shard-00-00.r5c76bj.mongodb.net:27017" daemon [_thread_in_native, id=30568, stack(0x000000e977900000,0x000000e977a00000) (1024K)]
  0x0000021ac7a399c0 JavaThread "cluster-rtt-ClusterId{value='66cf0b222066d22c15278350', description='PARQCluster'}-ac-v6lo0zt-shard-00-00.r5c76bj.mongodb.net:27017" daemon [_thread_blocked, id=38796, stack(0x000000e978100000,0x000000e978200000) (1024K)]
  0x0000021ac7a3a050 JavaThread "cluster-ClusterId{value='66cf0b222066d22c15278350', description='PARQCluster'}-ac-v6lo0zt-shard-00-01.r5c76bj.mongodb.net:27017" daemon [_thread_in_native, id=37320, stack(0x000000e978200000,0x000000e978300000) (1024K)]
  0x0000021ac7a34b00 JavaThread "cluster-rtt-ClusterId{value='66cf0b222066d22c15278350', description='PARQCluster'}-ac-v6lo0zt-shard-00-01.r5c76bj.mongodb.net:27017" daemon [_thread_blocked, id=2776, stack(0x000000e978300000,0x000000e978400000) (1024K)]
  0x0000021ac7a37f80 JavaThread "cluster-ClusterId{value='66cf0b222066d22c15278350', description='PARQCluster'}-ac-v6lo0zt-shard-00-02.r5c76bj.mongodb.net:27017" daemon [_thread_in_native, id=31792, stack(0x000000e978c00000,0x000000e978d00000) (1024K)]
  0x0000021ac7a35190 JavaThread "cluster-rtt-ClusterId{value='66cf0b222066d22c15278350', description='PARQCluster'}-ac-v6lo0zt-shard-00-02.r5c76bj.mongodb.net:27017" daemon [_thread_blocked, id=356, stack(0x000000e978d00000,0x000000e978e00000) (1024K)]
  0x0000021ac7a3ad70 JavaThread "MaintenanceTimer-6-thread-1" daemon [_thread_blocked, id=35284, stack(0x000000e978e00000,0x000000e978f00000) (1024K)]
  0x0000021ac7a33de0 JavaThread "MaintenanceTimer-5-thread-1" daemon [_thread_blocked, id=38784, stack(0x000000e978f00000,0x000000e979000000) (1024K)]
  0x0000021ac7a3b400 JavaThread "MaintenanceTimer-7-thread-1" daemon [_thread_blocked, id=36972, stack(0x000000e979000000,0x000000e979100000) (1024K)]
  0x0000021ac7a35820 JavaThread "Catalina-utility-1"                [_thread_blocked, id=36220, stack(0x000000e979100000,0x000000e979200000) (1024K)]
  0x0000021ac7a35eb0 JavaThread "http-nio-8080-exec-1"       daemon [_thread_blocked, id=39192, stack(0x000000e979200000,0x000000e979300000) (1024K)]
  0x0000021ac7a38610 JavaThread "http-nio-8080-exec-2"       daemon [_thread_blocked, id=41352, stack(0x000000e979300000,0x000000e979400000) (1024K)]
  0x0000021ac7a36540 JavaThread "Catalina-utility-2"                [_thread_blocked, id=28392, stack(0x000000e979400000,0x000000e979500000) (1024K)]
  0x0000021ac7a36bd0 JavaThread "http-nio-8080-exec-3"       daemon [_thread_blocked, id=40252, stack(0x000000e979500000,0x000000e979600000) (1024K)]
  0x0000021ac7a37260 JavaThread "http-nio-8080-exec-4"       daemon [_thread_blocked, id=40780, stack(0x000000e979600000,0x000000e979700000) (1024K)]
  0x0000021ac7edaef0 JavaThread "http-nio-8080-exec-5"       daemon [_thread_blocked, id=20688, stack(0x000000e979700000,0x000000e979800000) (1024K)]
  0x0000021ac7edb580 JavaThread "http-nio-8080-exec-6"       daemon [_thread_blocked, id=24496, stack(0x000000e979800000,0x000000e979900000) (1024K)]
  0x0000021ac7ed6030 JavaThread "http-nio-8080-exec-7"       daemon [_thread_blocked, id=8176, stack(0x000000e979900000,0x000000e979a00000) (1024K)]
  0x0000021ac7ed45f0 JavaThread "http-nio-8080-exec-8"       daemon [_thread_blocked, id=39600, stack(0x000000e979a00000,0x000000e979b00000) (1024K)]
  0x0000021ac7ed4c80 JavaThread "http-nio-8080-exec-9"       daemon [_thread_blocked, id=42232, stack(0x000000e979b00000,0x000000e979c00000) (1024K)]
  0x0000021ac7ed5310 JavaThread "http-nio-8080-exec-10"      daemon [_thread_blocked, id=36112, stack(0x000000e979c00000,0x000000e979d00000) (1024K)]
  0x0000021ac7ed8100 JavaThread "container-0"                       [_thread_blocked, id=4472, stack(0x000000e979d00000,0x000000e979e00000) (1024K)]
  0x0000021ac7ed59a0 JavaThread "HikariPool-2 housekeeper"   daemon [_thread_blocked, id=32420, stack(0x000000e979e00000,0x000000e979f00000) (1024K)]
  0x0000021ac7d85630 JavaThread "C1 CompilerThread2"         daemon [_thread_blocked, id=38640, stack(0x000000e979f00000,0x000000e97a000000) (1024K)]
  0x0000021ac9177ca0 JavaThread "C1 CompilerThread3"         daemon [_thread_blocked, id=38508, stack(0x000000e97a000000,0x000000e97a100000) (1024K)]
  0x0000021ac7ed94b0 JavaThread "HikariPool-2 connection adder" daemon [_thread_blocked, id=40232, stack(0x000000e97a100000,0x000000e97a200000) (1024K)]
Total: 47

Other Threads:
=>0x0000021aed2c88d0 VMThread "VM Thread"                           [id=33308, stack(0x000000e976c00000,0x000000e976d00000) (1024K)]
  0x0000021aed2b08a0 WatcherThread "VM Periodic Task Thread"        [id=32676, stack(0x000000e976b00000,0x000000e976c00000) (1024K)]
  0x0000021ada3d7ad0 WorkerThread "GC Thread#0"                     [id=39164, stack(0x000000e976600000,0x000000e976700000) (1024K)]
  0x0000021ac5b3cf90 WorkerThread "GC Thread#1"                     [id=42904, stack(0x000000e977b00000,0x000000e977c00000) (1024K)]
  0x0000021ac5b3d340 WorkerThread "GC Thread#2"                     [id=42900, stack(0x000000e977c00000,0x000000e977d00000) (1024K)]
  0x0000021ac5b3d6f0 WorkerThread "GC Thread#3"                     [id=42896, stack(0x000000e977d00000,0x000000e977e00000) (1024K)]
  0x0000021ac5b3daa0 WorkerThread "GC Thread#4"                     [id=42948, stack(0x000000e977e00000,0x000000e977f00000) (1024K)]
  0x0000021ac5b74dd0 WorkerThread "GC Thread#5"                     [id=42944, stack(0x000000e977f00000,0x000000e978000000) (1024K)]
  0x0000021ac5b75180 WorkerThread "GC Thread#6"                     [id=42880, stack(0x000000e978000000,0x000000e978100000) (1024K)]
  0x0000021ac5891790 WorkerThread "GC Thread#7"                     [id=42820, stack(0x000000e978400000,0x000000e978500000) (1024K)]
  0x0000021ac655f430 WorkerThread "GC Thread#8"                     [id=42816, stack(0x000000e978500000,0x000000e978600000) (1024K)]
  0x0000021ac64eb1d0 WorkerThread "GC Thread#9"                     [id=42840, stack(0x000000e978600000,0x000000e978700000) (1024K)]
  0x0000021ada3e9d00 ConcurrentGCThread "G1 Main Marker"            [id=35432, stack(0x000000e976700000,0x000000e976800000) (1024K)]
  0x0000021ada3eb0e0 WorkerThread "G1 Conc#0"                       [id=41096, stack(0x000000e976800000,0x000000e976900000) (1024K)]
  0x0000021ac6a339d0 WorkerThread "G1 Conc#1"                       [id=42048, stack(0x000000e978700000,0x000000e978800000) (1024K)]
  0x0000021ac6a37dc0 WorkerThread "G1 Conc#2"                       [id=42052, stack(0x000000e978800000,0x000000e978900000) (1024K)]
  0x0000021aed17cec0 ConcurrentGCThread "G1 Refine#0"               [id=3560, stack(0x000000e976900000,0x000000e976a00000) (1024K)]
  0x0000021aed17d6f0 ConcurrentGCThread "G1 Service"                [id=40816, stack(0x000000e976a00000,0x000000e976b00000) (1024K)]
Total: 18

Threads with active compile tasks:
Total: 0

VM state: at safepoint (normal execution)

VM Mutex/Monitor currently owned by a thread:  ([mutex/lock_event])
[0x00007fff0ae1cb80] Threads_lock - owner thread: 0x0000021aed2c88d0
[0x00007fff0ae1cc80] Heap_lock - owner thread: 0x0000021aed2f5ba0

Heap address: 0x000000070ce00000, size: 3890 MB, Compressed Oops mode: Zero based, Oop shift amount: 3

CDS archive(s) mapped at: [0x0000021a80000000-0x0000021a80c60000-0x0000021a80c60000), size 12976128, SharedBaseAddress: 0x0000021a80000000, ArchiveRelocationMode: 1.
Compressed class space mapped at: 0x0000021a81000000-0x0000021ac1000000, reserved size: 1073741824
Narrow klass base: 0x0000021a80000000, Narrow klass shift: 0, Narrow klass range: 0x41000000

GC Precious Log:
 CardTable entry size: 512
 Card Set container configuration: InlinePtr #cards 4 size 8 Array Of Cards #cards 16 size 48 Howl #buckets 8 coarsen threshold 3686 Howl Bitmap #cards 512 size 80 coarsen threshold 460 Card regions per heap region 1 cards per card region 4096
 CPUs: 12 total, 12 available
 Memory: 15554M
 Large Page Support: Disabled
 NUMA Support: Disabled
 Compressed Oops: Enabled (Zero based)
 Heap Region Size: 2M
 Heap Min Capacity: 8M
 Heap Initial Capacity: 244M
 Heap Max Capacity: 3890M
 Pre-touch: Disabled
 Parallel Workers: 10
 Concurrent Workers: 3
 Concurrent Refinement Workers: 10
 Periodic GC: Disabled

Heap:
 garbage-first heap   total reserved 3983360K, committed 249856K, used 47773K [0x000000070ce00000, 0x0000000800000000)
  region size 2048K, 4 young (8192K), 4 survivors (8192K)
 Metaspace       used 87720K, committed 88640K, reserved 1179648K
  class space    used 12803K, committed 13248K, reserved 1048576K

Heap Regions: E=young(eden), S=young(survivor), O=old, HS=humongous(starts), HC=humongous(continues), CS=collection set, F=free, TAMS=top-at-mark-start, PB=parsable bottom
|   0|0x000000070ce00000, 0x000000070cffffe0, 0x000000070d000000| 99%| O|  |TAMS 0x000000070ce00000| PB 0x000000070ce00000| Untracked |  0
|   1|0x000000070d000000, 0x000000070d200000, 0x000000070d200000|100%| O|  |TAMS 0x000000070d000000| PB 0x000000070d000000| Untracked |  0
|   2|0x000000070d200000, 0x000000070d400000, 0x000000070d400000|100%| O|  |TAMS 0x000000070d200000| PB 0x000000070d200000| Untracked |  0
|   3|0x000000070d400000, 0x000000070d5ffff8, 0x000000070d600000| 99%| O|  |TAMS 0x000000070d400000| PB 0x000000070d400000| Untracked |  0
|   4|0x000000070d600000, 0x000000070d7fffd8, 0x000000070d800000| 99%| O|  |TAMS 0x000000070d600000| PB 0x000000070d600000| Untracked |  0
|   5|0x000000070d800000, 0x000000070d9ffff8, 0x000000070da00000| 99%| O|  |TAMS 0x000000070d800000| PB 0x000000070d800000| Untracked |  0
|   6|0x000000070da00000, 0x000000070dbffff0, 0x000000070dc00000| 99%| O|  |TAMS 0x000000070da00000| PB 0x000000070da00000| Untracked |  0
|   7|0x000000070dc00000, 0x000000070ddfffe8, 0x000000070de00000| 99%| O|  |TAMS 0x000000070dc00000| PB 0x000000070dc00000| Untracked |  0
|   8|0x000000070de00000, 0x000000070dffff98, 0x000000070e000000| 99%| O|  |TAMS 0x000000070de00000| PB 0x000000070de00000| Untracked |  0
|   9|0x000000070e000000, 0x000000070e1fffc8, 0x000000070e200000| 99%| O|  |TAMS 0x000000070e000000| PB 0x000000070e000000| Untracked |  0
|  10|0x000000070e200000, 0x000000070e3ffff8, 0x000000070e400000| 99%| O|  |TAMS 0x000000070e200000| PB 0x000000070e200000| Untracked |  0
|  11|0x000000070e400000, 0x000000070e600000, 0x000000070e600000|100%| O|  |TAMS 0x000000070e400000| PB 0x000000070e400000| Untracked |  0
|  12|0x000000070e600000, 0x000000070e7ffff0, 0x000000070e800000| 99%| O|  |TAMS 0x000000070e600000| PB 0x000000070e600000| Untracked |  0
|  13|0x000000070e800000, 0x000000070e9ffff8, 0x000000070ea00000| 99%| O|  |TAMS 0x000000070e800000| PB 0x000000070e800000| Untracked |  0
|  14|0x000000070ea00000, 0x000000070ebdb5c8, 0x000000070ec00000| 92%| O|  |TAMS 0x000000070ea00000| PB 0x000000070ea00000| Untracked |  0
|  15|0x000000070ec00000, 0x000000070edfbe30, 0x000000070ee00000| 99%| O|  |TAMS 0x000000070ec00000| PB 0x000000070ec00000| Untracked |  0
|  16|0x000000070ee00000, 0x000000070efe70e0, 0x000000070f000000| 95%| O|  |TAMS 0x000000070ee00000| PB 0x000000070ee00000| Untracked |  0
|  17|0x000000070f000000, 0x000000070f0a0340, 0x000000070f200000| 31%| O|  |TAMS 0x000000070f000000| PB 0x000000070f000000| Untracked |  0
|  18|0x000000070f200000, 0x000000070f400000, 0x000000070f400000|100%| O|  |TAMS 0x000000070f200000| PB 0x000000070f200000| Untracked |  0
|  19|0x000000070f400000, 0x000000070f440f20, 0x000000070f600000| 12%| O|Cm|TAMS 0x000000070f400000| PB 0x000000070f400000| Complete |  0
|  20|0x000000070f600000, 0x000000070f800000, 0x000000070f800000|100%| O|  |TAMS 0x000000070f600000| PB 0x000000070f600000| Untracked |  0
|  21|0x000000070f800000, 0x000000070f800000, 0x000000070fa00000|  0%| F|  |TAMS 0x000000070f800000| PB 0x000000070f800000| Untracked |  0
|  22|0x000000070fa00000, 0x000000070fa00000, 0x000000070fc00000|  0%| F|  |TAMS 0x000000070fa00000| PB 0x000000070fa00000| Untracked |  0
|  23|0x000000070fc00000, 0x000000070fd1afa8, 0x000000070fe00000| 55%| S|CS|TAMS 0x000000070fc00000| PB 0x000000070fc00000| Complete |  0
|  24|0x000000070fe00000, 0x000000070feed0e0, 0x0000000710000000| 46%| O|  |TAMS 0x000000070fe00000| PB 0x000000070fe00000| Untracked |  0
|  25|0x0000000710000000, 0x0000000710200000, 0x0000000710200000|100%| S|CS|TAMS 0x0000000710000000| PB 0x0000000710000000| Complete |  0
|  26|0x0000000710200000, 0x0000000710400000, 0x0000000710400000|100%| S|CS|TAMS 0x0000000710200000| PB 0x0000000710200000| Complete |  0
|  27|0x0000000710400000, 0x0000000710400000, 0x0000000710600000|  0%| F|  |TAMS 0x0000000710400000| PB 0x0000000710400000| Untracked |  0
|  28|0x0000000710600000, 0x0000000710600000, 0x0000000710800000|  0%| F|  |TAMS 0x0000000710600000| PB 0x0000000710600000| Untracked |  0
|  29|0x0000000710800000, 0x0000000710a00000, 0x0000000710a00000|100%| S|CS|TAMS 0x0000000710800000| PB 0x0000000710800000| Complete |  0
|  30|0x0000000710a00000, 0x0000000710a00000, 0x0000000710c00000|  0%| F|  |TAMS 0x0000000710a00000| PB 0x0000000710a00000| Untracked |  0
|  31|0x0000000710c00000, 0x0000000710c00000, 0x0000000710e00000|  0%| F|  |TAMS 0x0000000710c00000| PB 0x0000000710c00000| Untracked |  0
|  32|0x0000000710e00000, 0x0000000710e00000, 0x0000000711000000|  0%| F|  |TAMS 0x0000000710e00000| PB 0x0000000710e00000| Untracked |  0
|  33|0x0000000711000000, 0x0000000711000000, 0x0000000711200000|  0%| F|  |TAMS 0x0000000711000000| PB 0x0000000711000000| Untracked |  0
|  34|0x0000000711200000, 0x0000000711200000, 0x0000000711400000|  0%| F|  |TAMS 0x0000000711200000| PB 0x0000000711200000| Untracked |  0
|  35|0x0000000711400000, 0x0000000711400000, 0x0000000711600000|  0%| F|  |TAMS 0x0000000711400000| PB 0x0000000711400000| Untracked |  0
|  36|0x0000000711600000, 0x0000000711600000, 0x0000000711800000|  0%| F|  |TAMS 0x0000000711600000| PB 0x0000000711600000| Untracked |  0
|  37|0x0000000711800000, 0x0000000711800000, 0x0000000711a00000|  0%| F|  |TAMS 0x0000000711800000| PB 0x0000000711800000| Untracked |  0
|  38|0x0000000711a00000, 0x0000000711a00000, 0x0000000711c00000|  0%| F|  |TAMS 0x0000000711a00000| PB 0x0000000711a00000| Untracked |  0
|  39|0x0000000711c00000, 0x0000000711c00000, 0x0000000711e00000|  0%| F|  |TAMS 0x0000000711c00000| PB 0x0000000711c00000| Untracked |  0
|  40|0x0000000711e00000, 0x0000000711e00000, 0x0000000712000000|  0%| F|  |TAMS 0x0000000711e00000| PB 0x0000000711e00000| Untracked |  0
|  41|0x0000000712000000, 0x0000000712000000, 0x0000000712200000|  0%| F|  |TAMS 0x0000000712000000| PB 0x0000000712000000| Untracked |  0
|  42|0x0000000712200000, 0x0000000712200000, 0x0000000712400000|  0%| F|  |TAMS 0x0000000712200000| PB 0x0000000712200000| Untracked |  0
|  43|0x0000000712400000, 0x0000000712400000, 0x0000000712600000|  0%| F|  |TAMS 0x0000000712400000| PB 0x0000000712400000| Untracked |  0
|  44|0x0000000712600000, 0x0000000712600000, 0x0000000712800000|  0%| F|  |TAMS 0x0000000712600000| PB 0x0000000712600000| Untracked |  0
|  45|0x0000000712800000, 0x0000000712800000, 0x0000000712a00000|  0%| F|  |TAMS 0x0000000712800000| PB 0x0000000712800000| Untracked |  0
|  46|0x0000000712a00000, 0x0000000712a00000, 0x0000000712c00000|  0%| F|  |TAMS 0x0000000712a00000| PB 0x0000000712a00000| Untracked |  0
|  47|0x0000000712c00000, 0x0000000712c00000, 0x0000000712e00000|  0%| F|  |TAMS 0x0000000712c00000| PB 0x0000000712c00000| Untracked |  0
|  48|0x0000000712e00000, 0x0000000712e00000, 0x0000000713000000|  0%| F|  |TAMS 0x0000000712e00000| PB 0x0000000712e00000| Untracked |  0
|  49|0x0000000713000000, 0x0000000713000000, 0x0000000713200000|  0%| F|  |TAMS 0x0000000713000000| PB 0x0000000713000000| Untracked |  0
|  50|0x0000000713200000, 0x0000000713200000, 0x0000000713400000|  0%| F|  |TAMS 0x0000000713200000| PB 0x0000000713200000| Untracked |  0
|  51|0x0000000713400000, 0x0000000713400000, 0x0000000713600000|  0%| F|  |TAMS 0x0000000713400000| PB 0x0000000713400000| Untracked |  0
|  52|0x0000000713600000, 0x0000000713600000, 0x0000000713800000|  0%| F|  |TAMS 0x0000000713600000| PB 0x0000000713600000| Untracked |  0
|  53|0x0000000713800000, 0x0000000713800000, 0x0000000713a00000|  0%| F|  |TAMS 0x0000000713800000| PB 0x0000000713800000| Untracked |  0
|  54|0x0000000713a00000, 0x0000000713a00000, 0x0000000713c00000|  0%| F|  |TAMS 0x0000000713a00000| PB 0x0000000713a00000| Untracked |  0
|  55|0x0000000713c00000, 0x0000000713c00000, 0x0000000713e00000|  0%| F|  |TAMS 0x0000000713c00000| PB 0x0000000713c00000| Untracked |  0
|  56|0x0000000713e00000, 0x0000000713e00000, 0x0000000714000000|  0%| F|  |TAMS 0x0000000713e00000| PB 0x0000000713e00000| Untracked |  0
|  57|0x0000000714000000, 0x0000000714000000, 0x0000000714200000|  0%| F|  |TAMS 0x0000000714000000| PB 0x0000000714000000| Untracked |  0
|  58|0x0000000714200000, 0x0000000714200000, 0x0000000714400000|  0%| F|  |TAMS 0x0000000714200000| PB 0x0000000714200000| Untracked |  0
|  59|0x0000000714400000, 0x0000000714400000, 0x0000000714600000|  0%| F|  |TAMS 0x0000000714400000| PB 0x0000000714400000| Untracked |  0
|  60|0x0000000714600000, 0x0000000714600000, 0x0000000714800000|  0%| F|  |TAMS 0x0000000714600000| PB 0x0000000714600000| Untracked |  0
|  61|0x0000000714800000, 0x0000000714800000, 0x0000000714a00000|  0%| F|  |TAMS 0x0000000714800000| PB 0x0000000714800000| Untracked |  0
|  62|0x0000000714a00000, 0x0000000714a00000, 0x0000000714c00000|  0%| F|  |TAMS 0x0000000714a00000| PB 0x0000000714a00000| Untracked |  0
|  63|0x0000000714c00000, 0x0000000714c00000, 0x0000000714e00000|  0%| F|  |TAMS 0x0000000714c00000| PB 0x0000000714c00000| Untracked |  0
|  64|0x0000000714e00000, 0x0000000714e00000, 0x0000000715000000|  0%| F|  |TAMS 0x0000000714e00000| PB 0x0000000714e00000| Untracked |  0
|  65|0x0000000715000000, 0x0000000715000000, 0x0000000715200000|  0%| F|  |TAMS 0x0000000715000000| PB 0x0000000715000000| Untracked |  0
|  66|0x0000000715200000, 0x0000000715200000, 0x0000000715400000|  0%| F|  |TAMS 0x0000000715200000| PB 0x0000000715200000| Untracked |  0
|  67|0x0000000715400000, 0x0000000715400000, 0x0000000715600000|  0%| F|  |TAMS 0x0000000715400000| PB 0x0000000715400000| Untracked |  0
|  68|0x0000000715600000, 0x0000000715600000, 0x0000000715800000|  0%| F|  |TAMS 0x0000000715600000| PB 0x0000000715600000| Untracked |  0
|  69|0x0000000715800000, 0x0000000715800000, 0x0000000715a00000|  0%| F|  |TAMS 0x0000000715800000| PB 0x0000000715800000| Untracked |  0
|  70|0x0000000715a00000, 0x0000000715a00000, 0x0000000715c00000|  0%| F|  |TAMS 0x0000000715a00000| PB 0x0000000715a00000| Untracked |  0
|  71|0x0000000715c00000, 0x0000000715c00000, 0x0000000715e00000|  0%| F|  |TAMS 0x0000000715c00000| PB 0x0000000715c00000| Untracked |  0
|  72|0x0000000715e00000, 0x0000000715e00000, 0x0000000716000000|  0%| F|  |TAMS 0x0000000715e00000| PB 0x0000000715e00000| Untracked |  0
|  73|0x0000000716000000, 0x0000000716000000, 0x0000000716200000|  0%| F|  |TAMS 0x0000000716000000| PB 0x0000000716000000| Untracked |  0
|  74|0x0000000716200000, 0x0000000716200000, 0x0000000716400000|  0%| F|  |TAMS 0x0000000716200000| PB 0x0000000716200000| Untracked |  0
|  75|0x0000000716400000, 0x0000000716400000, 0x0000000716600000|  0%| F|  |TAMS 0x0000000716400000| PB 0x0000000716400000| Untracked |  0
|  76|0x0000000716600000, 0x0000000716600000, 0x0000000716800000|  0%| F|  |TAMS 0x0000000716600000| PB 0x0000000716600000| Untracked |  0
|  77|0x0000000716800000, 0x0000000716800000, 0x0000000716a00000|  0%| F|  |TAMS 0x0000000716800000| PB 0x0000000716800000| Untracked |  0
|  78|0x0000000716a00000, 0x0000000716a00000, 0x0000000716c00000|  0%| F|  |TAMS 0x0000000716a00000| PB 0x0000000716a00000| Untracked |  0
|  79|0x0000000716c00000, 0x0000000716c00000, 0x0000000716e00000|  0%| F|  |TAMS 0x0000000716c00000| PB 0x0000000716c00000| Untracked |  0
|  80|0x0000000716e00000, 0x0000000716e00000, 0x0000000717000000|  0%| F|  |TAMS 0x0000000716e00000| PB 0x0000000716e00000| Untracked |  0
|  81|0x0000000717000000, 0x0000000717000000, 0x0000000717200000|  0%| F|  |TAMS 0x0000000717000000| PB 0x0000000717000000| Untracked |  0
|  82|0x0000000717200000, 0x0000000717200000, 0x0000000717400000|  0%| F|  |TAMS 0x0000000717200000| PB 0x0000000717200000| Untracked |  0
|  83|0x0000000717400000, 0x0000000717400000, 0x0000000717600000|  0%| F|  |TAMS 0x0000000717400000| PB 0x0000000717400000| Untracked |  0
|  84|0x0000000717600000, 0x0000000717600000, 0x0000000717800000|  0%| F|  |TAMS 0x0000000717600000| PB 0x0000000717600000| Untracked |  0
|  85|0x0000000717800000, 0x0000000717800000, 0x0000000717a00000|  0%| F|  |TAMS 0x0000000717800000| PB 0x0000000717800000| Untracked |  0
|  86|0x0000000717a00000, 0x0000000717a00000, 0x0000000717c00000|  0%| F|  |TAMS 0x0000000717a00000| PB 0x0000000717a00000| Untracked |  0
|  87|0x0000000717c00000, 0x0000000717c00000, 0x0000000717e00000|  0%| F|  |TAMS 0x0000000717c00000| PB 0x0000000717c00000| Untracked |  0
|  88|0x0000000717e00000, 0x0000000717e00000, 0x0000000718000000|  0%| F|  |TAMS 0x0000000717e00000| PB 0x0000000717e00000| Untracked |  0
|  89|0x0000000718000000, 0x0000000718000000, 0x0000000718200000|  0%| F|  |TAMS 0x0000000718000000| PB 0x0000000718000000| Untracked |  0
|  90|0x0000000718200000, 0x0000000718200000, 0x0000000718400000|  0%| F|  |TAMS 0x0000000718200000| PB 0x0000000718200000| Untracked |  0
|  91|0x0000000718400000, 0x0000000718400000, 0x0000000718600000|  0%| F|  |TAMS 0x0000000718400000| PB 0x0000000718400000| Untracked |  0
|  92|0x0000000718600000, 0x0000000718600000, 0x0000000718800000|  0%| F|  |TAMS 0x0000000718600000| PB 0x0000000718600000| Untracked |  0
|  93|0x0000000718800000, 0x0000000718800000, 0x0000000718a00000|  0%| F|  |TAMS 0x0000000718800000| PB 0x0000000718800000| Untracked |  0
|  94|0x0000000718a00000, 0x0000000718a00000, 0x0000000718c00000|  0%| F|  |TAMS 0x0000000718a00000| PB 0x0000000718a00000| Untracked |  0
|  95|0x0000000718c00000, 0x0000000718c00000, 0x0000000718e00000|  0%| F|  |TAMS 0x0000000718c00000| PB 0x0000000718c00000| Untracked |  0
|  96|0x0000000718e00000, 0x0000000718e00000, 0x0000000719000000|  0%| F|  |TAMS 0x0000000718e00000| PB 0x0000000718e00000| Untracked |  0
|  97|0x0000000719000000, 0x0000000719000000, 0x0000000719200000|  0%| F|  |TAMS 0x0000000719000000| PB 0x0000000719000000| Untracked |  0
|  98|0x0000000719200000, 0x0000000719200000, 0x0000000719400000|  0%| F|  |TAMS 0x0000000719200000| PB 0x0000000719200000| Untracked |  0
|  99|0x0000000719400000, 0x0000000719400000, 0x0000000719600000|  0%| F|  |TAMS 0x0000000719400000| PB 0x0000000719400000| Untracked |  0
| 100|0x0000000719600000, 0x0000000719600000, 0x0000000719800000|  0%| F|  |TAMS 0x0000000719600000| PB 0x0000000719600000| Untracked |  0
| 101|0x0000000719800000, 0x0000000719800000, 0x0000000719a00000|  0%| F|  |TAMS 0x0000000719800000| PB 0x0000000719800000| Untracked |  0
| 102|0x0000000719a00000, 0x0000000719a00000, 0x0000000719c00000|  0%| F|  |TAMS 0x0000000719a00000| PB 0x0000000719a00000| Untracked |  0
| 103|0x0000000719c00000, 0x0000000719c00000, 0x0000000719e00000|  0%| F|  |TAMS 0x0000000719c00000| PB 0x0000000719c00000| Untracked |  0
| 104|0x0000000719e00000, 0x0000000719e00000, 0x000000071a000000|  0%| F|  |TAMS 0x0000000719e00000| PB 0x0000000719e00000| Untracked |  0
| 105|0x000000071a000000, 0x000000071a000000, 0x000000071a200000|  0%| F|  |TAMS 0x000000071a000000| PB 0x000000071a000000| Untracked |  0
| 106|0x000000071a200000, 0x000000071a200000, 0x000000071a400000|  0%| F|  |TAMS 0x000000071a200000| PB 0x000000071a200000| Untracked |  0
| 107|0x000000071a400000, 0x000000071a400000, 0x000000071a600000|  0%| F|  |TAMS 0x000000071a400000| PB 0x000000071a400000| Untracked |  0
| 108|0x000000071a600000, 0x000000071a600000, 0x000000071a800000|  0%| F|  |TAMS 0x000000071a600000| PB 0x000000071a600000| Untracked |  0
| 109|0x000000071a800000, 0x000000071a800000, 0x000000071aa00000|  0%| F|  |TAMS 0x000000071a800000| PB 0x000000071a800000| Untracked |  0
| 110|0x000000071aa00000, 0x000000071aa00000, 0x000000071ac00000|  0%| F|  |TAMS 0x000000071aa00000| PB 0x000000071aa00000| Untracked |  0
| 111|0x000000071ac00000, 0x000000071ac00000, 0x000000071ae00000|  0%| F|  |TAMS 0x000000071ac00000| PB 0x000000071ac00000| Untracked |  0
| 112|0x000000071ae00000, 0x000000071ae00000, 0x000000071b000000|  0%| F|  |TAMS 0x000000071ae00000| PB 0x000000071ae00000| Untracked |  0
| 113|0x000000071b000000, 0x000000071b000000, 0x000000071b200000|  0%| F|  |TAMS 0x000000071b000000| PB 0x000000071b000000| Untracked |  0
| 114|0x000000071b200000, 0x000000071b200000, 0x000000071b400000|  0%| F|  |TAMS 0x000000071b200000| PB 0x000000071b200000| Untracked |  0
| 115|0x000000071b400000, 0x000000071b400000, 0x000000071b600000|  0%| F|  |TAMS 0x000000071b400000| PB 0x000000071b400000| Untracked |  0
| 116|0x000000071b600000, 0x000000071b600000, 0x000000071b800000|  0%| F|  |TAMS 0x000000071b600000| PB 0x000000071b600000| Untracked |  0
| 117|0x000000071b800000, 0x000000071b800000, 0x000000071ba00000|  0%| F|  |TAMS 0x000000071b800000| PB 0x000000071b800000| Untracked |  0
| 118|0x000000071ba00000, 0x000000071ba00000, 0x000000071bc00000|  0%| F|  |TAMS 0x000000071ba00000| PB 0x000000071ba00000| Untracked |  0
| 119|0x000000071bc00000, 0x000000071bc00000, 0x000000071be00000|  0%| F|  |TAMS 0x000000071bc00000| PB 0x000000071bc00000| Untracked |  0
| 120|0x000000071be00000, 0x000000071be00000, 0x000000071c000000|  0%| F|  |TAMS 0x000000071be00000| PB 0x000000071be00000| Untracked |  0
| 121|0x000000071c000000, 0x000000071c000000, 0x000000071c200000|  0%| F|  |TAMS 0x000000071c000000| PB 0x000000071c000000| Untracked |  0

Card table byte_map: [0x0000021ae6170000,0x0000021ae6910000] _byte_map_base: 0x0000021ae2909000

Marking Bits: (CMBitMap*) 0x0000021ada3d80f0
 Bits: [0x0000021ae6910000, 0x0000021aea5d8000)

Polling page: 0x0000021ad8350000

Metaspace:

Usage:
  Non-class:     73.16 MB used.
      Class:     12.50 MB used.
       Both:     85.66 MB used.

Virtual space:
  Non-class space:      128.00 MB reserved,      73.62 MB ( 58%) committed,  2 nodes.
      Class space:        1.00 GB reserved,      12.94 MB (  1%) committed,  1 nodes.
             Both:        1.12 GB reserved,      86.56 MB (  8%) committed. 

Chunk freelists:
   Non-Class:  6.28 MB
       Class:  3.11 MB
        Both:  9.39 MB

MaxMetaspaceSize: unlimited
CompressedClassSpaceSize: 1.00 GB
Initial GC threshold: 21.00 MB
Current GC threshold: 143.75 MB
CDS: on
 - commit_granule_bytes: 65536.
 - commit_granule_words: 8192.
 - virtual_space_node_default_size: 8388608.
 - enlarge_chunks_in_place: 1.
 - use_allocation_guard: 0.


Internal statistics:

num_allocs_failed_limit: 6.
num_arena_births: 1526.
num_arena_deaths: 498.
num_vsnodes_births: 3.
num_vsnodes_deaths: 0.
num_space_committed: 1385.
num_space_uncommitted: 0.
num_chunks_returned_to_freelist: 563.
num_chunks_taken_from_freelist: 4664.
num_chunk_merges: 149.
num_chunk_splits: 3222.
num_chunks_enlarged: 2537.
num_inconsistent_stats: 0.

CodeCache: size=49152Kb used=17986Kb max_used=17986Kb free=31165Kb
 bounds [0x0000021ae26a0000, 0x0000021ae3840000, 0x0000021ae56a0000]
 total_blobs=9745 nmethods=8950 adapters=714
 compilation: enabled
              stopped_count=0, restarted_count=0
 full_count=0

Compilation events (20 events):
Event: 448.461 Thread 0x0000021ac7d85630 10763       1       sun.reflect.generics.tree.Wildcard::getLowerBounds (30 bytes)
Event: 448.461 Thread 0x0000021ac9177ca0 10764       1       sun.reflect.generics.factory.CoreReflectionFactory::makeWildcard (7 bytes)
Event: 448.461 Thread 0x0000021ac7d85630 nmethod 10763 0x0000021ae382d910 code [0x0000021ae382daa0, 0x0000021ae382dbe8]
Event: 448.461 Thread 0x0000021ac9177ca0 nmethod 10764 0x0000021ae382dc90 code [0x0000021ae382de20, 0x0000021ae382e088]
Event: 448.461 Thread 0x0000021ac7d85630 10765       1       sun.reflect.generics.reflectiveObjects.WildcardTypeImpl::make (11 bytes)
Event: 448.461 Thread 0x0000021aed2fa660 nmethod 10761 0x0000021ae382e110 code [0x0000021ae382e2c0, 0x0000021ae382e678]
Event: 448.461 Thread 0x0000021ac6ddb090 nmethod 10762 0x0000021ae382e810 code [0x0000021ae382e9c0, 0x0000021ae382ed40]
Event: 448.461 Thread 0x0000021ac9177ca0 10766       1       sun.reflect.generics.reflectiveObjects.WildcardTypeImpl::<init> (16 bytes)
Event: 448.461 Thread 0x0000021aed2fa660 10767       1       org.springframework.beans.factory.config.ConstructorArgumentValues$ValueHolder::getName (5 bytes)
Event: 448.461 Thread 0x0000021ac7d85630 nmethod 10765 0x0000021ae382ef10 code [0x0000021ae382f0a0, 0x0000021ae382f2d8]
Event: 448.461 Thread 0x0000021ac9177ca0 nmethod 10766 0x0000021ae382f390 code [0x0000021ae382f520, 0x0000021ae382f718]
Event: 448.461 Thread 0x0000021aed2fa660 nmethod 10767 0x0000021ae382f790 code [0x0000021ae382f920, 0x0000021ae382f9f0]
Event: 448.462 Thread 0x0000021aed2fa660 10768       1       java.lang.Module::isExported (15 bytes)
Event: 448.463 Thread 0x0000021aed2fa660 nmethod 10768 0x0000021ae382fa90 code [0x0000021ae382fc40, 0x0000021ae382fde0]
Event: 448.464 Thread 0x0000021aed2fa660 10769       1       org.postgresql.core.AsciiStringInterner::arrayEquals (43 bytes)
Event: 448.464 Thread 0x0000021aed2fa660 nmethod 10769 0x0000021ae382fe90 code [0x0000021ae3830040, 0x0000021ae38301d8]
Event: 448.464 Thread 0x0000021aed2fa660 10770       1       java.text.DecimalFormatSymbols::getNaN (5 bytes)
Event: 448.464 Thread 0x0000021ac7d85630 10771       1       java.text.DecimalFormatSymbols::getInfinity (5 bytes)
Event: 448.464 Thread 0x0000021aed2fa660 nmethod 10770 0x0000021ae3830310 code [0x0000021ae38304a0, 0x0000021ae3830570]
Event: 448.464 Thread 0x0000021ac7d85630 nmethod 10771 0x0000021ae3830610 code [0x0000021ae38307a0, 0x0000021ae3830870]

GC Heap History (20 events):
Event: 4.322 GC heap after
{Heap after GC invocations=16 (full 0):
 garbage-first heap   total reserved 3983360K, committed 90112K, used 37150K [0x000000070ce00000, 0x0000000800000000)
  region size 2048K, 2 young (4096K), 2 survivors (4096K)
 Metaspace       used 63567K, committed 64320K, reserved 1114112K
  class space    used 9019K, committed 9344K, reserved 1048576K
}
Event: 4.713 GC heap before
{Heap before GC invocations=16 (full 0):
 garbage-first heap   total reserved 3983360K, committed 90112K, used 78110K [0x000000070ce00000, 0x0000000800000000)
  region size 2048K, 22 young (45056K), 2 survivors (4096K)
 Metaspace       used 71320K, committed 72064K, reserved 1114112K
  class space    used 10293K, committed 10624K, reserved 1048576K
}
Event: 4.716 GC heap after
{Heap after GC invocations=17 (full 0):
 garbage-first heap   total reserved 3983360K, committed 90112K, used 37957K [0x000000070ce00000, 0x0000000800000000)
  region size 2048K, 3 young (6144K), 3 survivors (6144K)
 Metaspace       used 71320K, committed 72064K, reserved 1114112K
  class space    used 10293K, committed 10624K, reserved 1048576K
}
Event: 4.995 GC heap before
{Heap before GC invocations=17 (full 0):
 garbage-first heap   total reserved 3983360K, committed 90112K, used 74821K [0x000000070ce00000, 0x0000000800000000)
  region size 2048K, 21 young (43008K), 3 survivors (6144K)
 Metaspace       used 75200K, committed 75968K, reserved 1179648K
  class space    used 10788K, committed 11072K, reserved 1048576K
}
Event: 4.998 GC heap after
{Heap after GC invocations=18 (full 0):
 garbage-first heap   total reserved 3983360K, committed 90112K, used 40912K [0x000000070ce00000, 0x0000000800000000)
  region size 2048K, 3 young (6144K), 3 survivors (6144K)
 Metaspace       used 75200K, committed 75968K, reserved 1179648K
  class space    used 10788K, committed 11072K, reserved 1048576K
}
Event: 5.220 GC heap before
{Heap before GC invocations=18 (full 0):
 garbage-first heap   total reserved 3983360K, committed 90112K, used 75728K [0x000000070ce00000, 0x0000000800000000)
  region size 2048K, 20 young (40960K), 3 survivors (6144K)
 Metaspace       used 77328K, committed 78144K, reserved 1179648K
  class space    used 11109K, committed 11456K, reserved 1048576K
}
Event: 5.223 GC heap after
{Heap after GC invocations=19 (full 0):
 garbage-first heap   total reserved 3983360K, committed 108544K, used 43633K [0x000000070ce00000, 0x0000000800000000)
  region size 2048K, 3 young (6144K), 3 survivors (6144K)
 Metaspace       used 77328K, committed 78144K, reserved 1179648K
  class space    used 11109K, committed 11456K, reserved 1048576K
}
Event: 5.568 GC heap before
{Heap before GC invocations=20 (full 0):
 garbage-first heap   total reserved 3983360K, committed 108544K, used 92785K [0x000000070ce00000, 0x0000000800000000)
  region size 2048K, 27 young (55296K), 3 survivors (6144K)
 Metaspace       used 79215K, committed 80000K, reserved 1179648K
  class space    used 11513K, committed 11840K, reserved 1048576K
}
Event: 5.572 GC heap after
{Heap after GC invocations=21 (full 0):
 garbage-first heap   total reserved 3983360K, committed 108544K, used 46830K [0x000000070ce00000, 0x0000000800000000)
  region size 2048K, 3 young (6144K), 3 survivors (6144K)
 Metaspace       used 79215K, committed 80000K, reserved 1179648K
  class space    used 11513K, committed 11840K, reserved 1048576K
}
Event: 19.079 GC heap before
{Heap before GC invocations=21 (full 0):
 garbage-first heap   total reserved 3983360K, committed 108544K, used 91886K [0x000000070ce00000, 0x0000000800000000)
  region size 2048K, 26 young (53248K), 3 survivors (6144K)
 Metaspace       used 85286K, committed 86144K, reserved 1179648K
  class space    used 12478K, committed 12864K, reserved 1048576K
}
Event: 19.086 GC heap after
{Heap after GC invocations=22 (full 0):
 garbage-first heap   total reserved 3983360K, committed 108544K, used 49315K [0x000000070ce00000, 0x0000000800000000)
  region size 2048K, 4 young (8192K), 4 survivors (8192K)
 Metaspace       used 85286K, committed 86144K, reserved 1179648K
  class space    used 12478K, committed 12864K, reserved 1048576K
}
Event: 446.613 GC heap before
{Heap before GC invocations=22 (full 0):
 garbage-first heap   total reserved 3983360K, committed 108544K, used 90275K [0x000000070ce00000, 0x0000000800000000)
  region size 2048K, 24 young (49152K), 4 survivors (8192K)
 Metaspace       used 87333K, committed 88320K, reserved 1179648K
  class space    used 12819K, committed 13248K, reserved 1048576K
}
Event: 446.616 GC heap after
{Heap after GC invocations=23 (full 0):
 garbage-first heap   total reserved 3983360K, committed 108544K, used 50395K [0x000000070ce00000, 0x0000000800000000)
  region size 2048K, 3 young (6144K), 3 survivors (6144K)
 Metaspace       used 87333K, committed 88320K, reserved 1179648K
  class space    used 12819K, committed 13248K, reserved 1048576K
}
Event: 446.619 GC heap before
{Heap before GC invocations=23 (full 0):
 garbage-first heap   total reserved 3983360K, committed 108544K, used 50395K [0x000000070ce00000, 0x0000000800000000)
  region size 2048K, 4 young (8192K), 3 survivors (6144K)
 Metaspace       used 87339K, committed 88320K, reserved 1179648K
  class space    used 12820K, committed 13248K, reserved 1048576K
}
Event: 446.658 GC heap after
{Heap after GC invocations=24 (full 1):
 garbage-first heap   total reserved 3983360K, committed 108544K, used 35453K [0x000000070ce00000, 0x0000000800000000)
  region size 2048K, 0 young (0K), 0 survivors (0K)
 Metaspace       used 86891K, committed 88320K, reserved 1179648K
  class space    used 12696K, committed 13248K, reserved 1048576K
}
Event: 447.097 GC heap before
{Heap before GC invocations=24 (full 1):
 garbage-first heap   total reserved 3983360K, committed 108544K, used 94845K [0x000000070ce00000, 0x0000000800000000)
  region size 2048K, 29 young (59392K), 0 survivors (0K)
 Metaspace       used 87123K, committed 88320K, reserved 1179648K
  class space    used 12729K, committed 13248K, reserved 1048576K
}
Event: 447.100 GC heap after
{Heap after GC invocations=25 (full 1):
 garbage-first heap   total reserved 3983360K, committed 108544K, used 40765K [0x000000070ce00000, 0x0000000800000000)
  region size 2048K, 3 young (6144K), 3 survivors (6144K)
 Metaspace       used 87123K, committed 88320K, reserved 1179648K
  class space    used 12729K, committed 13248K, reserved 1048576K
}
Event: 448.207 GC heap before
{Heap before GC invocations=25 (full 1):
 garbage-first heap   total reserved 3983360K, committed 108544K, used 89917K [0x000000070ce00000, 0x0000000800000000)
  region size 2048K, 27 young (55296K), 3 survivors (6144K)
 Metaspace       used 87277K, committed 88320K, reserved 1179648K
  class space    used 12762K, committed 13248K, reserved 1048576K
}
Event: 448.210 GC heap after
{Heap after GC invocations=26 (full 1):
 garbage-first heap   total reserved 3983360K, committed 108544K, used 44274K [0x000000070ce00000, 0x0000000800000000)
  region size 2048K, 2 young (4096K), 2 survivors (4096K)
 Metaspace       used 87277K, committed 88320K, reserved 1179648K
  class space    used 12762K, committed 13248K, reserved 1048576K
}
Event: 448.472 GC heap before
{Heap before GC invocations=27 (full 1):
 garbage-first heap   total reserved 3983360K, committed 108544K, used 91378K [0x000000070ce00000, 0x0000000800000000)
  region size 2048K, 25 young (51200K), 2 survivors (4096K)
 Metaspace       used 87720K, committed 88640K, reserved 1179648K
  class space    used 12803K, committed 13248K, reserved 1048576K
}

Dll operation events (13 events):
Event: 0.005 Loaded shared library C:\Users\kamal\.jdks\openjdk-22.0.2\bin\java.dll
Event: 0.078 Loaded shared library C:\Users\kamal\.jdks\openjdk-22.0.2\bin\zip.dll
Event: 0.080 Loaded shared library C:\Users\kamal\.jdks\openjdk-22.0.2\bin\instrument.dll
Event: 0.084 Loaded shared library C:\Users\kamal\.jdks\openjdk-22.0.2\bin\net.dll
Event: 0.085 Loaded shared library C:\Users\kamal\.jdks\openjdk-22.0.2\bin\nio.dll
Event: 0.087 Loaded shared library C:\Users\kamal\.jdks\openjdk-22.0.2\bin\zip.dll
Event: 0.146 Loaded shared library C:\Program Files\JetBrains\IntelliJ IDEA 2024.1.4\bin\breakgen64.dll
Event: 0.150 Loaded shared library C:\Users\kamal\.jdks\openjdk-22.0.2\bin\jimage.dll
Event: 0.153 Loaded shared library C:\Users\kamal\.jdks\openjdk-22.0.2\bin\extnet.dll
Event: 0.161 Loaded shared library C:\Users\kamal\.jdks\openjdk-22.0.2\bin\management.dll
Event: 0.167 Loaded shared library C:\Users\kamal\.jdks\openjdk-22.0.2\bin\management_ext.dll
Event: 0.894 Loaded shared library C:\Users\kamal\.jdks\openjdk-22.0.2\bin\sunmscapi.dll
Event: 4.000 Loaded shared library C:\Users\kamal\.jdks\openjdk-22.0.2\bin\verify.dll

Deoptimization events (10 events):
Event: 1.757 Thread 0x0000021aed2f5ba0 DEOPT PACKING pc=0x0000021ae2f2736c sp=0x000000e9782fcc00
Event: 1.757 Thread 0x0000021aed2f5ba0 DEOPT UNPACKING pc=0x0000021ae26f88e2 sp=0x000000e9782fc0b8 mode 0
Event: 1.874 Thread 0x0000021aed2f5ba0 DEOPT PACKING pc=0x0000021ae304fbd9 sp=0x000000e9782fd720
Event: 1.874 Thread 0x0000021aed2f5ba0 DEOPT UNPACKING pc=0x0000021ae26f88e2 sp=0x000000e9782fccb8 mode 0
Event: 2.639 Thread 0x0000021aed2f4160 DEOPT PACKING pc=0x0000021ae303f8d4 sp=0x000000e9783feb60
Event: 2.639 Thread 0x0000021aed2f4160 DEOPT UNPACKING pc=0x0000021ae26f88e2 sp=0x000000e9783fe0a0 mode 0
Event: 3.293 Thread 0x0000021aed2f2db0 DEOPT PACKING pc=0x0000021ae2cd2a9c sp=0x000000e9774fef40
Event: 3.293 Thread 0x0000021aed2f2db0 DEOPT UNPACKING pc=0x0000021ae26f88e2 sp=0x000000e9774fe488 mode 0
Event: 3.524 Thread 0x0000021aed2f5ba0 DEOPT PACKING pc=0x0000021ae2d56e69 sp=0x000000e9782fb070
Event: 3.524 Thread 0x0000021aed2f5ba0 DEOPT UNPACKING pc=0x0000021ae26f88e2 sp=0x000000e9782fa578 mode 3

Classes loaded (20 events):
Event: 446.477 Loading class java/util/AbstractMap$2
Event: 446.477 Loading class java/util/AbstractMap$2 done
Event: 446.478 Loading class java/util/AbstractMap$ValueIterator
Event: 446.478 Loading class java/util/AbstractMap$ValueIterator done
Event: 446.487 Loading class sun/security/ssl/Alert
Event: 446.488 Loading class sun/security/ssl/Alert done
Event: 446.488 Loading class sun/security/ssl/Alert$AlertConsumer
Event: 446.488 Loading class sun/security/ssl/Alert$AlertConsumer done
Event: 446.488 Loading class sun/security/ssl/Alert$Level
Event: 446.488 Loading class sun/security/ssl/Alert$Level done
Event: 446.490 Loading class sun/net/ConnectionResetException
Event: 446.490 Loading class sun/net/ConnectionResetException done
Event: 446.491 Loading class java/nio/channels/ClosedByInterruptException
Event: 446.491 Loading class java/nio/channels/AsynchronousCloseException
Event: 446.491 Loading class java/nio/channels/AsynchronousCloseException done
Event: 446.491 Loading class java/nio/channels/ClosedByInterruptException done
Event: 446.658 Loading class java/lang/ref/Finalizer$2
Event: 446.658 Loading class java/lang/ref/Finalizer$2 done
Event: 446.658 Loading class java/lang/ref/Finalizer$1
Event: 446.658 Loading class java/lang/ref/Finalizer$1 done

Classes unloaded (20 events):
Event: 446.632 Thread 0x0000021aed2c88d0 Unloading class 0x0000021a810c1400 'java/lang/invoke/LambdaForm$MH+0x0000021a810c1400'
Event: 446.632 Thread 0x0000021aed2c88d0 Unloading class 0x0000021a810c0000 'java/lang/invoke/LambdaForm$DMH+0x0000021a810c0000'
Event: 446.632 Thread 0x0000021aed2c88d0 Unloading class 0x0000021a8100c400 'java/lang/invoke/LambdaForm$DMH+0x0000021a8100c400'
Event: 446.632 Thread 0x0000021aed2c88d0 Unloading class 0x0000021a8100bc00 'java/lang/invoke/LambdaForm$MH+0x0000021a8100bc00'
Event: 446.632 Thread 0x0000021aed2c88d0 Unloading class 0x0000021a8100b800 'java/lang/invoke/LambdaForm$DMH+0x0000021a8100b800'
Event: 446.632 Thread 0x0000021aed2c88d0 Unloading class 0x0000021a8100b400 'java/lang/invoke/LambdaForm$DMH+0x0000021a8100b400'
Event: 446.632 Thread 0x0000021aed2c88d0 Unloading class 0x0000021a8100a800 'java/lang/invoke/LambdaForm$MH+0x0000021a8100a800'
Event: 446.632 Thread 0x0000021aed2c88d0 Unloading class 0x0000021a81009c00 'java/lang/invoke/LambdaForm$MH+0x0000021a81009c00'
Event: 446.632 Thread 0x0000021aed2c88d0 Unloading class 0x0000021a81009800 'java/lang/invoke/LambdaForm$MH+0x0000021a81009800'
Event: 446.632 Thread 0x0000021aed2c88d0 Unloading class 0x0000021a81009400 'java/lang/invoke/LambdaForm$MH+0x0000021a81009400'
Event: 446.632 Thread 0x0000021aed2c88d0 Unloading class 0x0000021a81006c00 'java/lang/invoke/LambdaForm$MH+0x0000021a81006c00'
Event: 446.632 Thread 0x0000021aed2c88d0 Unloading class 0x0000021a81006800 'java/lang/invoke/LambdaForm$MH+0x0000021a81006800'
Event: 446.632 Thread 0x0000021aed2c88d0 Unloading class 0x0000021a81006000 'java/lang/invoke/LambdaForm$MH+0x0000021a81006000'
Event: 446.632 Thread 0x0000021aed2c88d0 Unloading class 0x0000021a81005800 'java/lang/invoke/LambdaForm$MH+0x0000021a81005800'
Event: 446.632 Thread 0x0000021aed2c88d0 Unloading class 0x0000021a81005000 'java/lang/invoke/LambdaForm$MH+0x0000021a81005000'
Event: 446.632 Thread 0x0000021aed2c88d0 Unloading class 0x0000021a81004800 'java/lang/invoke/LambdaForm$MH+0x0000021a81004800'
Event: 446.632 Thread 0x0000021aed2c88d0 Unloading class 0x0000021a81002400 'java/lang/invoke/LambdaForm$MH+0x0000021a81002400'
Event: 446.632 Thread 0x0000021aed2c88d0 Unloading class 0x0000021a81002000 'java/lang/invoke/LambdaForm$MH+0x0000021a81002000'
Event: 446.632 Thread 0x0000021aed2c88d0 Unloading class 0x0000021a81001c00 'java/lang/invoke/LambdaForm$MH+0x0000021a81001c00'
Event: 446.632 Thread 0x0000021aed2c88d0 Unloading class 0x0000021a81001400 'java/lang/invoke/LambdaForm$MH+0x0000021a81001400'

Classes redefined (0 events):
No events

Internal exceptions (20 events):
Event: 447.084 Thread 0x0000021aed2f5ba0 Exception <a 'java/lang/NoClassDefFoundError'{0x00000007101dad38}: org/springframework/batch/core/repository/JobRepository> (0x00000007101dad38) 
thrown [s\open\src\hotspot\share\oops\constantPool.cpp, line 872]
Event: 447.084 Thread 0x0000021aed2f5ba0 Exception <a 'java/lang/NoClassDefFoundError'{0x00000007101db390}: org/quartz/Scheduler> (0x00000007101db390) 
thrown [s\open\src\hotspot\share\oops\constantPool.cpp, line 872]
Event: 447.084 Thread 0x0000021aed2f5ba0 Exception <a 'java/lang/NoClassDefFoundError'{0x00000007101dba10}: org/springframework/session/jdbc/JdbcIndexedSessionRepository> (0x00000007101dba10) 
thrown [s\open\src\hotspot\share\oops\constantPool.cpp, line 872]
Event: 447.088 Thread 0x0000021aed2f5ba0 Exception <a 'java/lang/NoSuchMethodError'{0x000000070feaac00}: 'void java.lang.invoke.DelegatingMethodHandle$Holder.reinvoke_L(java.lang.Object, java.lang.Object, int)'> (0x000000070feaac00) 
thrown [s\open\src\hotspot\share\interpreter\linkResolver.cpp, line 774]
Event: 447.095 Thread 0x0000021aed2f5ba0 Exception <a 'java/lang/ArrayIndexOutOfBoundsException'{0x000000070ffa8720}: Index 28 out of bounds for length 28> (0x000000070ffa8720) 
thrown [s\open\src\hotspot\share\interpreter\interpreterRuntime.cpp, line 436]
Event: 447.095 Thread 0x0000021aed2f5ba0 Exception <a 'java/lang/ArrayIndexOutOfBoundsException'{0x000000070ffa8cf8}: Index 28 out of bounds for length 28> (0x000000070ffa8cf8) 
thrown [s\open\src\hotspot\share\interpreter\interpreterRuntime.cpp, line 436]
Event: 447.101 Thread 0x0000021aed2f5ba0 Exception <a 'java/lang/ArrayIndexOutOfBoundsException'{0x000000071c02e3a0}: Index 21 out of bounds for length 21> (0x000000071c02e3a0) 
thrown [s\open\src\hotspot\share\interpreter\interpreterRuntime.cpp, line 436]
Event: 447.101 Thread 0x0000021aed2f5ba0 Exception <a 'java/lang/ArrayIndexOutOfBoundsException'{0x000000071c02e978}: Index 21 out of bounds for length 21> (0x000000071c02e978) 
thrown [s\open\src\hotspot\share\interpreter\interpreterRuntime.cpp, line 436]
Event: 447.156 Thread 0x0000021aed2f5ba0 Exception <a 'java/lang/NoSuchMethodError'{0x000000071289ebe0}: 'int java.lang.invoke.DirectMethodHandle$Holder.invokeVirtual(java.lang.Object, java.lang.Object, java.lang.Object, java.lang.Object)'> (0x000000071289ebe0) 
thrown [s\open\src\hotspot\share\interpreter\linkResolver.cpp, line 774]
Event: 447.156 Thread 0x0000021aed2f5ba0 Exception <a 'java/lang/NoSuchMethodError'{0x00000007128a21c8}: 'int java.lang.invoke.DelegatingMethodHandle$Holder.reinvoke_L(java.lang.Object, java.lang.Object, java.lang.Object, java.lang.Object)'> (0x00000007128a21c8) 
thrown [s\open\src\hotspot\share\interpreter\linkResolver.cpp, line 774]
Event: 447.166 Thread 0x0000021aed2f5ba0 Exception <a 'java/io/FileNotFoundException'{0x0000000712914ad0}> (0x0000000712914ad0) 
thrown [s\open\src\hotspot\share\prims\jni.cpp, line 520]
Event: 447.249 Thread 0x0000021aed2f5ba0 Exception <a 'sun/nio/fs/WindowsException'{0x000000071180f4d8}> (0x000000071180f4d8) 
thrown [s\open\src\hotspot\share\prims\jni.cpp, line 520]
Event: 447.324 Thread 0x0000021aed2f5ba0 Exception <a 'sun/nio/fs/WindowsException'{0x00000007118417f0}> (0x00000007118417f0) 
thrown [s\open\src\hotspot\share\prims\jni.cpp, line 520]
Event: 447.392 Thread 0x0000021ac7a378f0 Exception <a 'sun/nio/fs/WindowsException'{0x000000071189fea8}> (0x000000071189fea8) 
thrown [s\open\src\hotspot\share\prims\jni.cpp, line 520]
Event: 447.392 Thread 0x0000021ac7a378f0 Exception <a 'sun/nio/fs/WindowsException'{0x0000000711324250}> (0x0000000711324250) 
thrown [s\open\src\hotspot\share\prims\jni.cpp, line 520]
Event: 447.393 Thread 0x0000021ac7a378f0 Exception <a 'sun/nio/fs/WindowsException'{0x00000007113383f0}> (0x00000007113383f0) 
thrown [s\open\src\hotspot\share\prims\jni.cpp, line 520]
Event: 447.393 Thread 0x0000021ac7a378f0 Exception <a 'sun/nio/fs/WindowsException'{0x00000007113876b0}> (0x00000007113876b0) 
thrown [s\open\src\hotspot\share\prims\jni.cpp, line 520]
Event: 447.393 Thread 0x0000021ac7a378f0 Exception <a 'sun/nio/fs/WindowsException'{0x000000071139b620}> (0x000000071139b620) 
thrown [s\open\src\hotspot\share\prims\jni.cpp, line 520]
Event: 447.393 Thread 0x0000021ac7a378f0 Exception <a 'sun/nio/fs/WindowsException'{0x00000007113ea7f0}> (0x00000007113ea7f0) 
thrown [s\open\src\hotspot\share\prims\jni.cpp, line 520]
Event: 448.224 Thread 0x0000021aed2f5ba0 Exception <a 'java/io/FileNotFoundException'{0x000000071c1a0570}> (0x000000071c1a0570) 
thrown [s\open\src\hotspot\share\prims\jni.cpp, line 520]

ZGC Phase Switch (0 events):
No events

VM Operations (20 events):
Event: 415.073 Executing VM operation: Cleanup done
Event: 434.258 Executing VM operation: Cleanup
Event: 434.258 Executing VM operation: Cleanup done
Event: 446.613 Executing VM operation: G1CollectForAllocation (G1 Evacuation Pause)
Event: 446.616 Executing VM operation: G1CollectForAllocation (G1 Evacuation Pause) done
Event: 446.619 Executing VM operation: G1CollectFull (System.gc())
Event: 446.658 Executing VM operation: G1CollectFull (System.gc()) done
Event: 446.944 Executing VM operation: ICBufferFull
Event: 446.944 Executing VM operation: ICBufferFull done
Event: 447.097 Executing VM operation: G1CollectForAllocation (G1 Evacuation Pause)
Event: 447.100 Executing VM operation: G1CollectForAllocation (G1 Evacuation Pause) done
Event: 448.107 Executing VM operation: Cleanup
Event: 448.107 Executing VM operation: Cleanup done
Event: 448.207 Executing VM operation: G1CollectForAllocation (G1 Evacuation Pause)
Event: 448.211 Executing VM operation: G1CollectForAllocation (G1 Evacuation Pause) done
Event: 448.225 Executing VM operation: G1PauseRemark
Event: 448.228 Executing VM operation: G1PauseRemark done
Event: 448.233 Executing VM operation: G1PauseCleanup
Event: 448.233 Executing VM operation: G1PauseCleanup done
Event: 448.471 Executing VM operation: G1CollectForAllocation (G1 Evacuation Pause)

Memory protections (0 events):
No events

Nmethod flushes (20 events):
Event: 448.228 Thread 0x0000021aed2c88d0 flushing  nmethod 0x0000021ae32ace90
Event: 448.228 Thread 0x0000021aed2c88d0 flushing  nmethod 0x0000021ae32ae110
Event: 448.228 Thread 0x0000021aed2c88d0 flushing  nmethod 0x0000021ae32ae410
Event: 448.228 Thread 0x0000021aed2c88d0 flushing  nmethod 0x0000021ae32aea10
Event: 448.228 Thread 0x0000021aed2c88d0 flushing  nmethod 0x0000021ae32af210
Event: 448.228 Thread 0x0000021aed2c88d0 flushing  nmethod 0x0000021ae32af690
Event: 448.228 Thread 0x0000021aed2c88d0 flushing  nmethod 0x0000021ae32af990
Event: 448.228 Thread 0x0000021aed2c88d0 flushing  nmethod 0x0000021ae32afd10
Event: 448.228 Thread 0x0000021aed2c88d0 flushing  nmethod 0x0000021ae32b0310
Event: 448.228 Thread 0x0000021aed2c88d0 flushing  nmethod 0x0000021ae32b0790
Event: 448.228 Thread 0x0000021aed2c88d0 flushing  nmethod 0x0000021ae32b1810
Event: 448.228 Thread 0x0000021aed2c88d0 flushing  nmethod 0x0000021ae32b4510
Event: 448.228 Thread 0x0000021aed2c88d0 flushing  nmethod 0x0000021ae32d0810
Event: 448.228 Thread 0x0000021aed2c88d0 flushing  nmethod 0x0000021ae334da10
Event: 448.228 Thread 0x0000021aed2c88d0 flushing  nmethod 0x0000021ae3351110
Event: 448.228 Thread 0x0000021aed2c88d0 flushing  nmethod 0x0000021ae3351410
Event: 448.228 Thread 0x0000021aed2c88d0 flushing  nmethod 0x0000021ae3368090
Event: 448.228 Thread 0x0000021aed2c88d0 flushing  nmethod 0x0000021ae3371d10
Event: 448.228 Thread 0x0000021aed2c88d0 flushing  nmethod 0x0000021ae356c610
Event: 448.228 Thread 0x0000021aed2c88d0 flushing  nmethod 0x0000021ae356df10

Events (20 events):
Event: 447.654 Thread 0x0000021ac7a3a050 Thread added: 0x0000021ac7a3ad70
Event: 447.776 Thread 0x0000021ac7a39330 Thread added: 0x0000021ac7a33de0
Event: 447.790 Thread 0x0000021ac7a37f80 Thread added: 0x0000021ac7a3b400
Event: 448.229 Thread 0x0000021aed2f5ba0 Thread added: 0x0000021ac7a35820
Event: 448.229 Thread 0x0000021aed2f5ba0 Thread added: 0x0000021ac7a35eb0
Event: 448.229 Thread 0x0000021aed2f5ba0 Thread added: 0x0000021ac7a38610
Event: 448.229 Thread 0x0000021ac7a35820 Thread added: 0x0000021ac7a36540
Event: 448.229 Thread 0x0000021aed2f5ba0 Thread added: 0x0000021ac7a36bd0
Event: 448.229 Thread 0x0000021aed2f5ba0 Thread added: 0x0000021ac7a37260
Event: 448.229 Thread 0x0000021aed2f5ba0 Thread added: 0x0000021ac7edaef0
Event: 448.230 Thread 0x0000021aed2f5ba0 Thread added: 0x0000021ac7edb580
Event: 448.230 Thread 0x0000021aed2f5ba0 Thread added: 0x0000021ac7ed6030
Event: 448.230 Thread 0x0000021aed2f5ba0 Thread added: 0x0000021ac7ed45f0
Event: 448.230 Thread 0x0000021aed2f5ba0 Thread added: 0x0000021ac7ed4c80
Event: 448.230 Thread 0x0000021aed2f5ba0 Thread added: 0x0000021ac7ed5310
Event: 448.230 Thread 0x0000021aed2f5ba0 Thread added: 0x0000021ac7ed8100
Event: 448.315 Thread 0x0000021aed2f5ba0 Thread added: 0x0000021ac7ed59a0
Event: 448.343 Thread 0x0000021aed2fa660 Thread added: 0x0000021ac7d85630
Event: 448.343 Thread 0x0000021aed2fa660 Thread added: 0x0000021ac9177ca0
Event: 448.431 Thread 0x0000021ac7ed59a0 Thread added: 0x0000021ac7ed94b0


Dynamic libraries:
0x00007ff6fbd80000 - 0x00007ff6fbd8e000 	C:\Users\kamal\.jdks\openjdk-22.0.2\bin\java.exe
0x00007fffd8830000 - 0x00007fffd8a47000 	C:\Windows\SYSTEM32\ntdll.dll
0x00007fffd73f0000 - 0x00007fffd74b4000 	C:\Windows\System32\KERNEL32.DLL
0x00007fffd5f30000 - 0x00007fffd62dd000 	C:\Windows\System32\KERNELBASE.dll
0x00007fffd5bb0000 - 0x00007fffd5cc1000 	C:\Windows\System32\ucrtbase.dll
0x00007fffcf4e0000 - 0x00007fffcf4f7000 	C:\Users\kamal\.jdks\openjdk-22.0.2\bin\jli.dll
0x00007fffca120000 - 0x00007fffca13b000 	C:\Users\kamal\.jdks\openjdk-22.0.2\bin\VCRUNTIME140.dll
0x00007fffd6df0000 - 0x00007fffd6f9e000 	C:\Windows\System32\USER32.dll
0x00007fffbe750000 - 0x00007fffbe9e3000 	C:\Windows\WinSxS\amd64_microsoft.windows.common-controls_6595b64144ccf1df_6.0.22621.3672_none_2713b9d173822955\COMCTL32.dll
0x00007fffd5b80000 - 0x00007fffd5ba6000 	C:\Windows\System32\win32u.dll
0x00007fffd71c0000 - 0x00007fffd7267000 	C:\Windows\System32\msvcrt.dll
0x00007fffd87c0000 - 0x00007fffd87e9000 	C:\Windows\System32\GDI32.dll
0x00007fffd5cd0000 - 0x00007fffd5de9000 	C:\Windows\System32\gdi32full.dll
0x00007fffd6350000 - 0x00007fffd63ea000 	C:\Windows\System32\msvcp_win.dll
0x00007fffd7c90000 - 0x00007fffd7cc1000 	C:\Windows\System32\IMM32.DLL
0x00007fffcf4d0000 - 0x00007fffcf4dc000 	C:\Users\kamal\.jdks\openjdk-22.0.2\bin\vcruntime140_1.dll
0x00007fffbc120000 - 0x00007fffbc1ae000 	C:\Users\kamal\.jdks\openjdk-22.0.2\bin\msvcp140.dll
0x00007fff0a1b0000 - 0x00007fff0aef9000 	C:\Users\kamal\.jdks\openjdk-22.0.2\bin\server\jvm.dll
0x00007fffd74d0000 - 0x00007fffd7582000 	C:\Windows\System32\ADVAPI32.dll
0x00007fffd7920000 - 0x00007fffd79c9000 	C:\Windows\System32\sechost.dll
0x00007fffd5b50000 - 0x00007fffd5b78000 	C:\Windows\System32\bcrypt.dll
0x00007fffd7020000 - 0x00007fffd7134000 	C:\Windows\System32\RPCRT4.dll
0x00007fffd6890000 - 0x00007fffd6901000 	C:\Windows\System32\WS2_32.dll
0x00007fffc9ef0000 - 0x00007fffc9f24000 	C:\Windows\SYSTEM32\WINMM.dll
0x00007fffd49b0000 - 0x00007fffd49fd000 	C:\Windows\SYSTEM32\POWRPROF.dll
0x00007fffcd2c0000 - 0x00007fffcd2ca000 	C:\Windows\SYSTEM32\VERSION.dll
0x00007fffd4990000 - 0x00007fffd49a3000 	C:\Windows\SYSTEM32\UMPDC.dll
0x00007fffd4c40000 - 0x00007fffd4c58000 	C:\Windows\SYSTEM32\kernel.appcore.dll
0x00007fffcab10000 - 0x00007fffcab1a000 	C:\Users\kamal\.jdks\openjdk-22.0.2\bin\jimage.dll
0x00007fffd34e0000 - 0x00007fffd3712000 	C:\Windows\SYSTEM32\DBGHELP.DLL
0x00007fffd7590000 - 0x00007fffd791d000 	C:\Windows\System32\combase.dll
0x00007fffd67b0000 - 0x00007fffd6887000 	C:\Windows\System32\OLEAUT32.dll
0x00007fffcade0000 - 0x00007fffcae12000 	C:\Windows\SYSTEM32\dbgcore.DLL
0x00007fffd5eb0000 - 0x00007fffd5f2b000 	C:\Windows\System32\bcryptPrimitives.dll
0x00007fffc58d0000 - 0x00007fffc58df000 	C:\Users\kamal\.jdks\openjdk-22.0.2\bin\instrument.dll
0x00007fffc5dc0000 - 0x00007fffc5dde000 	C:\Users\kamal\.jdks\openjdk-22.0.2\bin\java.dll
0x00007fffd7d80000 - 0x00007fffd85e8000 	C:\Windows\System32\SHELL32.dll
0x00007fffd8600000 - 0x00007fffd87a5000 	C:\Windows\System32\ole32.dll
0x00007fffd3a50000 - 0x00007fffd434e000 	C:\Windows\SYSTEM32\windows.storage.dll
0x00007fffd3910000 - 0x00007fffd3a4f000 	C:\Windows\SYSTEM32\wintypes.dll
0x00007fffd79d0000 - 0x00007fffd7ac9000 	C:\Windows\System32\SHCORE.dll
0x00007fffd6fc0000 - 0x00007fffd701e000 	C:\Windows\System32\shlwapi.dll
0x00007fffd5a80000 - 0x00007fffd5aa1000 	C:\Windows\SYSTEM32\profapi.dll
0x00007fffbefa0000 - 0x00007fffbefb7000 	C:\Users\kamal\.jdks\openjdk-22.0.2\bin\zip.dll
0x00007fffca030000 - 0x00007fffca040000 	C:\Users\kamal\.jdks\openjdk-22.0.2\bin\net.dll
0x00007fffd50e0000 - 0x00007fffd5149000 	C:\Windows\system32\mswsock.dll
0x00007fffbf110000 - 0x00007fffbf126000 	C:\Users\kamal\.jdks\openjdk-22.0.2\bin\nio.dll
0x00007fffbc450000 - 0x00007fffbc46a000 	C:\Program Files\JetBrains\IntelliJ IDEA 2024.1.4\bin\breakgen64.dll
0x00007fffbc110000 - 0x00007fffbc119000 	C:\Users\kamal\.jdks\openjdk-22.0.2\bin\extnet.dll
0x00007fffd4640000 - 0x00007fffd4738000 	C:\Windows\SYSTEM32\DNSAPI.dll
0x00007fffd4610000 - 0x00007fffd463d000 	C:\Windows\SYSTEM32\IPHLPAPI.DLL
0x00007fffd73e0000 - 0x00007fffd73e9000 	C:\Windows\System32\NSI.dll
0x00007fffcdeb0000 - 0x00007fffcdeba000 	C:\Windows\System32\rasadhlp.dll
0x00007fffcd6f0000 - 0x00007fffcd773000 	C:\Windows\System32\fwpuclnt.dll
0x00007fffbc510000 - 0x00007fffbc51a000 	C:\Users\kamal\.jdks\openjdk-22.0.2\bin\management.dll
0x00007fffbc500000 - 0x00007fffbc50b000 	C:\Users\kamal\.jdks\openjdk-22.0.2\bin\management_ext.dll
0x00007fffd85f0000 - 0x00007fffd85f8000 	C:\Windows\System32\PSAPI.DLL
0x00007fffd5340000 - 0x00007fffd535b000 	C:\Windows\SYSTEM32\CRYPTSP.dll
0x00007fffd4ba0000 - 0x00007fffd4bd5000 	C:\Windows\system32\rsaenh.dll
0x00007fffd51e0000 - 0x00007fffd5208000 	C:\Windows\SYSTEM32\USERENV.dll
0x00007fffd5360000 - 0x00007fffd536c000 	C:\Windows\SYSTEM32\CRYPTBASE.dll
0x00007fffa63b0000 - 0x00007fffa63c7000 	C:\Windows\system32\napinsp.dll
0x00007fffa6390000 - 0x00007fffa63ab000 	C:\Windows\system32\pnrpnsp.dll
0x00007fffa62f0000 - 0x00007fffa6301000 	C:\Windows\System32\winrnr.dll
0x00007fffc9e40000 - 0x00007fffc9e55000 	C:\Windows\system32\wshbth.dll
0x00007fffa6210000 - 0x00007fffa6237000 	C:\Windows\system32\nlansp_c.dll
0x00007fffbc4b0000 - 0x00007fffbc4be000 	C:\Users\kamal\.jdks\openjdk-22.0.2\bin\sunmscapi.dll
0x00007fffd63f0000 - 0x00007fffd6557000 	C:\Windows\System32\CRYPT32.dll
0x00007fffd54e0000 - 0x00007fffd550e000 	C:\Windows\SYSTEM32\ncrypt.dll
0x00007fffd54a0000 - 0x00007fffd54d7000 	C:\Windows\SYSTEM32\NTASN1.dll
0x00007fffce680000 - 0x00007fffce699000 	C:\Windows\SYSTEM32\dhcpcsvc6.DLL
0x00007fffce660000 - 0x00007fffce67f000 	C:\Windows\SYSTEM32\dhcpcsvc.DLL
0x00007fffa59b0000 - 0x00007fffa59b8000 	C:\Windows\system32\wshunix.dll
0x00007fffbc440000 - 0x00007fffbc450000 	C:\Users\kamal\.jdks\openjdk-22.0.2\bin\verify.dll

dbghelp: loaded successfully - version: 4.0.5 - missing functions: none
symbol engine: initialized successfully - sym options: 0x614 - pdb path: .;C:\Users\kamal\.jdks\openjdk-22.0.2\bin;C:\Windows\SYSTEM32;C:\Windows\WinSxS\amd64_microsoft.windows.common-controls_6595b64144ccf1df_6.0.22621.3672_none_2713b9d173822955;C:\Users\kamal\.jdks\openjdk-22.0.2\bin\server;C:\Program Files\JetBrains\IntelliJ IDEA 2024.1.4\bin

VM Arguments:
jvm_args: -XX:TieredStopAtLevel=1 -Dspring.output.ansi.enabled=always -Dcom.sun.management.jmxremote -Dspring.jmx.enabled=true -Dspring.liveBeansView.mbeanDomain -Dspring.application.admin.enabled=true -Dmanagement.endpoints.jmx.exposure.include=* -javaagent:C:\Program Files\JetBrains\IntelliJ IDEA 2024.1.4\lib\idea_rt.jar=23583:C:\Program Files\JetBrains\IntelliJ IDEA 2024.1.4\bin -Dfile.encoding=UTF-8 -Dsun.stdout.encoding=UTF-8 -Dsun.stderr.encoding=UTF-8 
java_command: com.ipark.adminpanel.IparkAdminApplication
java_class_path (initial): D:\Work\ipark_v1.2_server\back-end\target\classes;C:\Users\kamal\.m2\repository\org\springframework\boot\spring-boot-starter-actuator\3.3.0\spring-boot-starter-actuator-3.3.0.jar;C:\Users\kamal\.m2\repository\org\springframework\boot\spring-boot-starter\3.3.0\spring-boot-starter-3.3.0.jar;C:\Users\kamal\.m2\repository\org\springframework\boot\spring-boot-starter-logging\3.3.0\spring-boot-starter-logging-3.3.0.jar;C:\Users\kamal\.m2\repository\ch\qos\logback\logback-classic\1.5.6\logback-classic-1.5.6.jar;C:\Users\kamal\.m2\repository\ch\qos\logback\logback-core\1.5.6\logback-core-1.5.6.jar;C:\Users\kamal\.m2\repository\org\apache\logging\log4j\log4j-to-slf4j\2.23.1\log4j-to-slf4j-2.23.1.jar;C:\Users\kamal\.m2\repository\org\apache\logging\log4j\log4j-api\2.23.1\log4j-api-2.23.1.jar;C:\Users\kamal\.m2\repository\org\slf4j\jul-to-slf4j\2.0.13\jul-to-slf4j-2.0.13.jar;C:\Users\kamal\.m2\repository\jakarta\annotation\jakarta.annotation-api\2.1.1\jakarta.annotation-api-2.1.1.jar;C:\Users\kamal\.m2\repository\org\yaml\snakeyaml\2.2\snakeyaml-2.2.jar;C:\Users\kamal\.m2\repository\org\springframework\boot\spring-boot-actuator-autoconfigure\3.3.0\spring-boot-actuator-autoconfigure-3.3.0.jar;C:\Users\kamal\.m2\repository\org\springframework\boot\spring-boot-actuator\3.3.0\spring-boot-actuator-3.3.0.jar;C:\Users\kamal\.m2\repository\com\fasterxml\jackson\datatype\jackson-datatype-jsr310\2.17.1\jackson-datatype-jsr310-2.17.1.jar;C:\Users\kamal\.m2\repository\io\micrometer\micrometer-observation\1.13.0\micrometer-observation-1.13.0.jar;C:\Users\kamal\.m2\repository\io\micrometer\micrometer-commons\1.13.0\micrometer-commons-1.13.0.jar;C:\Users\kamal\.m2\repository\io\micrometer\micrometer-jakarta9\1.13.0\micrometer-jakarta9-1.13.0.jar;C:\Users\kamal\.m2\repository\io\micrometer\micrometer-core\1.13.0\micrometer-core-1.13.0.jar;C:\Users\kamal\.m2\repository\org\hdrhistogram\HdrHistogram\2.2.1\HdrHistogram-2.2.1.jar;C:\Users\kamal\.m2\repository\org\latencyutils\LatencyUtils\2.0.3\LatencyUtils-2.0.3.jar;C:\Users\kamal\.m2\repository\org\modelmapper\modelmapper\3.0.0\modelmapper-3.0.0.jar;C:\Users\kamal\.m2\repository\org\springframework\boot\spring-boot-starter-data-mongodb\3.3.0\spring-boot-starter-data-mongodb-3.3.0.jar;C:\Users\kamal\.m2\repository\org\mongodb\mongodb-driver-sync\5.0.1\mongodb-driver-sync-5.0.1.jar;C:\Users\kamal\.m2\repository\org\mongodb\bson\5.0.1\bson-5.0.1.jar;C:\Users\kamal\.m2\repository\org\mongodb\mongodb-driver-core\5.0.1\mongodb-driver-core-5.0.1.jar;C:\Users\kamal\.m2\repository\org\mongodb\bson-record-codec\5.0.1\bson-record-codec-5.0.1.jar;C:\Users\kamal\.m2\repository\org\springframework\data\spring-data-mongodb\4.3.0\spring-data-mongodb-4.3.0.jar;C:\Users\kamal\.m2\repository\org\springframework\spring-tx\6.1.8\spring-tx-6.1.8.jar;C:\Users\kamal\.m2\repository\org\springframework\spring-expression\6.1.8\spring-expression-6.1.8.jar;C:\Users\kamal\.m2\repository\org\springframework\data\spring-data-commons\3.3.0\spring-data-commons-3.3.0.jar;C:\Users\kamal\.m2\repository\org\slf4j\slf4j-api\2.0.13\slf4j-api-2.0.13.jar;C:\Users\kamal\.m2\repository\org\springframework\boot\spring-boot-starter-graphql\3.3.0\spring-boot-starter-graphql-3.3.0.jar;C:\Users\kamal\.m2\repository\org\springframework\boot\spring-boot-starter-json\3.3.0\spring-boot-starter-json-3.3.0.jar;C:\Users\kamal\.m2\repository\com\fasterxml\jackson\datatype\jackson-datatype-jdk8\2.17.1\jackson-datatype-jdk8-2.17.1.jar;C:\Users\kamal\.m2\repository\com\fasterxml\jackson\module\jackson-module-parameter-names\2.17.1\jackson-module-parameter-names-2.17.1.jar;C:\Users\kamal\.m2\repository\org\springframework\graphql\spring-graphql\1.3.0\spring-graphql-1.3.0.jar;C:\Users\kamal\.m2\repository\io\micrometer\context-propagation\1.1.1\context-propagation-1.1.1.jar;C:\Users\kamal\.m2\repository\org\springframework\boot\spring-boot-starter-mail\3.3.0\spring-boot-starter-mail-3.3.0.jar;C:\Users\kamal\.m2\repository\org\springframework\spring-context-support\6.1.8\spring-context-support-6.1.8.jar;C:\Users\kamal\.m2\repository\org\eclipse\angus\jakarta.mail\2.0.3\jakarta.mail-2.0.3.jar;C:\Users\kamal\.m2\repository\jakarta\activation\jakarta.activation-api\2.1.3\jakarta.activation-api-2.1.3.jar;C:\Users\kamal\.m2\repository\org\eclipse\angus\angus-activation\2.0.2\angus-activation-2.0.2.jar;C:\Users\kamal\.m2\repository\org\springframework\boot\spring-boot-starter-security\3.3.0\spring-boot-starter-security-3.3.0.jar;C:\Users\kamal\.m2\repository\org\springframework\spring-aop\6.1.8\spring-aop-6.1.8.jar;C:\Users\kamal\.m2\repository\org\springframework\security\spring-security-config\6.3.0\spring-security-config-6.3.0.jar;C:\Users\kamal\.m2\repository\org\springframework\security\spring-security-web\6.3.0\spring-security-web-6.3.0.jar;C:\Users\kamal\.m2\repository\org\springframework\boot\spring-boot-starter-web\3.3.0\spring-boot-starter-web-3.3.0.jar;C:\Users\kamal\.m2\repository\org\springframework\boot\spring-boot-starter-tomcat\3.3.0\spring-boot-starter-tomcat-3.3.0.jar;C:\Users\kamal\.m2\repository\org\apache\tomcat\embed\tomcat-embed-core\10.1.24\tomcat-embed-core-10.1.24.jar;C:\Users\kamal\.m2\repository\org\apache\tomcat\embed\tomcat-embed-el\10.1.24\tomcat-embed-el-10.1.24.jar;C:\Users\kamal\.m2\repository\org\apache\tomcat\embed\tomcat-embed-websocket\10.1.24\tomcat-embed-websocket-10.1.24.jar;C:\Users\kamal\.m2\repository\org\springframework\spring-web\6.1.8\spring-web-6.1.8.jar;C:\Users\kamal\.m2\repository\org\springframework\spring-webmvc\6.1.8\spring-webmvc-6.1.8.jar;C:\Users\kamal\.m2\repository\org\springframework\boot\spring-boot-starter-websocket\3.3.0\spring-boot-starter-websocket-3.3.0.jar;C:\Users\kamal\.m2\repository\org\springframework\spring-messaging\6.1.8\spring-messaging-6.1.8.jar;C:\Users\kamal\.m2\repository\org\springframework\spring-websocket\6.1.8\spring-websocket-6.1.8.jar;C:\Users\kamal\.m2\repository\org\springframework\boot\spring-boot-devtools\3.3.0\spring-boot-devtools-3.3.0.jar;C:\Users\kamal\.m2\repository\org\springframework\boot\spring-boot\3.3.0\spring-boot-3.3.0.jar;C:\Users\kamal\.m2\repository\org\springframework\boot\spring-boot-autoconfigure\3.3.0\spring-boot-autoconfigure-3.3.0.jar;C:\Users\kamal\.m2\repository\org\postgresql\postgresql\42.7.3\postgresql-42.7.3.jar;C:\Users\kamal\.m2\repository\org\checkerframework\checker-qual\3.42.0\checker-qual-3.42.0.jar;C:\Users\kamal\.m2\repository\jakarta\xml\bind\jakarta.xml.bind-api\4.0.2\jakarta.xml.bind-api-4.0.2.jar;C:\Users\kamal\.m2\repository\net\bytebuddy\byte-buddy\1.14.16\byte-buddy-1.14.16.jar;C:\Users\kamal\.m2\repository\org\springframework\spring-core\6.1.8\spring-core-6.1.8.jar;C:\Users\kamal\.m2\repository\org\springframework\spring-jcl\6.1.8\spring-jcl-6.1.8.jar;C:\Users\kamal\.m2\repository\io\hypersistence\hypersistence-utils-hibernate-63\3.8.2\hypersistence-utils-hibernate-63-3.8.2.jar;C:\Users\kamal\.m2\repository\io\hypersistence\hypersistence-tsid\2.1.1\hypersistence-tsid-2.1.1.jar;C:\Users\kamal\.m2\repository\org\springframework\spring-beans\6.1.8\spring-beans-6.1.8.jar;C:\Users\kamal\.m2\repository\io\projectreactor\reactor-core\3.6.6\reactor-core-3.6.6.jar;C:\Users\kamal\.m2\repository\org\reactivestreams\reactive-streams\1.0.4\reactive-streams-1.0.4.jar;C:\Users\kamal\.m2\repository\com\graphql-java\graphql-java\22.0\graphql-java-22.0.jar;C:\Users\kamal\.m2\repository\com\graphql-java\java-dataloader\3.3.0\java-dataloader-3.3.0.jar;C:\Users\kamal\.m2\repository\org\springframework\spring-context\6.1.8\spring-context-6.1.8.jar;C:\Users\kamal\.m2\repository\org\springframework\security\spring-security-core\6.3.0\spring-security-core-6.3.0.jar;C:\Users\kamal\.m2\repository\org\springframework\security\spring-security-crypto\6.3.0\spring-security-crypto-6.3.0.jar;C:\Users\kamal\.m2\repository\org\projectlombok\lombok\1.18.32\lombok-1.18.32.jar;C:\Users\kamal\.m2\repository\io\jsonwebtoken\jjwt-api\0.12.5\jjwt-api-0.12.5.jar;C:\Users\kamal\.m2\repository\io\jsonwebtoken\jjwt-jackson\0.12.5\jjwt-jackson-0.12.5.jar;C:\Users\kamal\.m2\repository\com\fasterxml\jackson\core\jackson-databind\2.17.1\jackson-databind-2.17.1.jar;C:\Users\kamal\.m2\repository\com\fasterxml\jackson\core\jackson-annotations\2.17.1\jackson-annotations-2.17.1.jar;C:\Users\kamal\.m2\repository\com\fasterxml\jackson\core\jackson-core\2.17.1\jackson-core-2.17.1.jar;C:\Users\kamal\.m2\repository\io\jsonwebtoken\jjwt-impl\0.12.5\jjwt-impl-0.12.5.jar;C:\Users\kamal\.m2\repository\org\springframework\boot\spring-boot-starter-data-jpa\3.3.0\spring-boot-starter-data-jpa-3.3.0.jar;C:\Users\kamal\.m2\repository\org\springframework\boot\spring-boot-starter-aop\3.3.0\spring-boot-starter-aop-3.3.0.jar;C:\Users\kamal\.m2\repository\org\aspectj\aspectjweaver\1.9.22\aspectjweaver-1.9.22.jar;C:\Users\kamal\.m2\repository\org\springframework\boot\spring-boot-starter-jdbc\3.3.0\spring-boot-starter-jdbc-3.3.0.jar;C:\Users\kamal\.m2\repository\com\zaxxer\HikariCP\5.1.0\HikariCP-5.1.0.jar;C:\Users\kamal\.m2\repository\org\springframework\spring-jdbc\6.1.8\spring-jdbc-6.1.8.jar;C:\Users\kamal\.m2\repository\org\hibernate\orm\hibernate-core\6.5.2.Final\hibernate-core-6.5.2.Final.jar;C:\Users\kamal\.m2\repository\jakarta\persistence\jakarta.persistence-api\3.1.0\jakarta.persistence-api-3.1.0.jar;C:\Users\kamal\.m2\repository\jakarta\transaction\jakarta.transaction-api\2.0.1\jakarta.transaction-api-2.0.1.jar;C:\Users\kamal\.m2\repository\org\jboss\logging\jboss-logging\3.5.3.Final\jboss-logging-3.5.3.Final.jar;C:\Users\kamal\.m2\repository\org\hibernate\common\hibernate-commons-annotations\6.0.6.Final\hibernate-commons-annotations-6.0.6.Final.jar;C:\Users\kamal\.m2\repository\io\smallrye\jandex\3.1.2\jandex-3.1.2.jar;C:\Users\kamal\.m2\repository\com\fasterxml\classmate\1.7.0\classmate-1.7.0.jar;C:\Users\kamal\.m2\repository\org\glassfish\jaxb\jaxb-runtime\4.0.5\jaxb-runtime-4.0.5.jar;C:\Users\kamal\.m2\repository\org\glassfish\jaxb\jaxb-core\4.0.5\jaxb-core-4.0.5.jar;C:\Users\kamal\.m2\repository\org\glassfish\jaxb\txw2\4.0.5\txw2-4.0.5.jar;C:\Users\kamal\.m2\repository\com\sun\istack\istack-commons-runtime\4.1.2\istack-commons-runtime-4.1.2.jar;C:\Users\kamal\.m2\repository\jakarta\inject\jakarta.inject-api\2.0.1\jakarta.inject-api-2.0.1.jar;C:\Users\kamal\.m2\repository\org\antlr\antlr4-runtime\4.13.0\antlr4-runtime-4.13.0.jar;C:\Users\kamal\.m2\repository\org\springframework\data\spring-data-jpa\3.3.0\spring-data-jpa-3.3.0.jar;C:\Users\kamal\.m2\repository\org\springframework\spring-orm\6.1.8\spring-orm-6.1.8.jar;C:\Users\kamal\.m2\repository\org\springframework\spring-aspects\6.1.8\spring-aspects-6.1.8.jar
Launcher Type: SUN_STANDARD

[Global flags]
     intx CICompilerCount                          = 4                                         {product} {ergonomic}
     uint ConcGCThreads                            = 3                                         {product} {ergonomic}
     uint G1ConcRefinementThreads                  = 10                                        {product} {ergonomic}
   size_t G1HeapRegionSize                         = 2097152                                   {product} {ergonomic}
   size_t InitialHeapSize                          = 255852544                                 {product} {ergonomic}
     bool ManagementServer                         = true                                      {product} {command line}
   size_t MarkStackSize                            = 4194304                                   {product} {ergonomic}
   size_t MaxHeapSize                              = 4078960640                                {product} {ergonomic}
   size_t MaxNewSize                               = 2447376384                                {product} {ergonomic}
   size_t MinHeapDeltaBytes                        = 2097152                                   {product} {ergonomic}
   size_t MinHeapSize                              = 8388608                                   {product} {ergonomic}
    uintx NonNMethodCodeHeapSize                   = 4096                                   {pd product} {ergonomic}
    uintx NonProfiledCodeHeapSize                  = 0                                      {pd product} {ergonomic}
     bool ProfileInterpreter                       = false                                  {pd product} {command line}
    uintx ProfiledCodeHeapSize                     = 0                                      {pd product} {ergonomic}
   size_t SoftMaxHeapSize                          = 4078960640                             {manageable} {ergonomic}
     intx TieredStopAtLevel                        = 1                                         {product} {command line}
     bool UseCompressedOops                        = true                           {product lp64_product} {ergonomic}
     bool UseG1GC                                  = true                                      {product} {ergonomic}
     bool UseLargePagesIndividualAllocation        = false                                  {pd product} {ergonomic}

Logging:
Log output configuration:
 #0: stdout all=warning uptime,level,tags foldmultilines=false
 #1: stderr all=off uptime,level,tags foldmultilines=false

Environment Variables:
JAVA_HOME=C:\Program Files\Microsoft\jdk-17.0.11.9-hotspot\
PATH=C:\Python312\Scripts\;C:\Python312\;C:\Program Files\Microsoft\jdk-17.0.11.9-hotspot\bin;C:\Program Files\Microsoft MPI\Bin\;C:\Program Files\Common Files\Oracle\Java\javapath;C:\Program Files (x86)\Common Files\Oracle\Java\javapath;C:\Program Files\Microsoft\jdk-11.0.20.8-hotspot\bin;C:\Windows\system32;C:\Windows;C:\Windows\System32\Wbem;C:\Windows\System32\WindowsPowerShell\v1.0\;C:\Windows\System32\OpenSSH\;C:\Program Files (x86)\NVIDIA Corporation\PhysX\Common;C:\Program Files\dotnet\;C:\ProgramData\chocolatey\bin;D:\Sdk\platform-tools;C:\MinGW\bin;C:\Program Files\Cloudflare\Cloudflare WARP\;D:\Work\ESP32\esp-idf\tools;C:\Espressif\tools\cmake\3.24.0\bin;C:\Espressif\tools\ninja\1.11.1;C:\Espressif\tools\openocd-esp32\v0.12.0-esp32-20230921\openocd-esp32\bin;C:\Espressif\tools\xtensa-esp-elf\esp-13.2.0_20230928\xtensa-esp-elf;C:\Program Files\Microsoft SQL Server\150\Tools\Binn\;C:\Program Files\Microsoft SQL Server\Client SDK\ODBC\170\Tools\Binn\;C:\Program Files\PuTTY\;C:\Program Files\Docker\Docker\resources\bin;C:\Program Files\Git\cmd;C:\Users\kamal\Gradle\gradle-8.8\bin;C:\Program Files\nodejs\;;C:\Program Files\NVIDIA Corporation\NVIDIA app\NvDLISR;C:\Users\kamal\AppData\Local\Programs\Python\Python39\Scripts\;C:\Users\kamal\AppData\Local\Programs\Python\Python39\;C:\Users\kamal\AppData\Local\Programs\Python\Python311\Scripts\;C:\Users\kamal\AppData\Local\Programs\Python\Python311\;D:\softwares\Scripts\;D:\softwares\;C:\Users\kamal\AppData\Local\Microsoft\WindowsApps;C:\Users\kamal\AppData\Local\Programs\Microsoft VS Code\bin;C:\Program Files\JetBrains\IntelliJ IDEA Community Edition 2023.2\bin;;D:\Work\PyCharm Community Edition 2023.2.1\bin;;C:\src\flutter\bin;C:\Program Files (x86)\Nmap;C:\Users\kamal\.dotnet\tools;C:\Mongosh\;C:\Program Files\PostgreSQL\16\bin;C:\Program Files\JetBrains\IntelliJ IDEA 2024.1.4\bin;;C:\Users\kamal\AppData\Local\Microsoft\WinGet\Packages\Schniz.fnm_Microsoft.Winget.Source_8wekyb3d8bbwe;C:\Users\kamal\AppData\Roaming\npm;C:\Users\kamal\AppData\Local\GitHubDesktop\bin
USERNAME=kamal
OS=Windows_NT
PROCESSOR_IDENTIFIER=AMD64 Family 25 Model 116 Stepping 1, AuthenticAMD
TMP=C:\Users\kamal\AppData\Local\Temp
TEMP=C:\Users\kamal\AppData\Local\Temp




Periodic native trim disabled

---------------  S Y S T E M  ---------------

OS:
 Windows 11 , 64 bit Build 22621 (10.0.22621.3958)
OS uptime: 0 days 3:52 hours
Hyper-V role detected

CPU: total 12 (initial active 12) (12 cores per cpu, 2 threads per core) family 25 model 116 stepping 1 microcode 0x0, cx8, cmov, fxsr, ht, mmx, 3dnowpref, sse, sse2, sse3, ssse3, sse4a, sse4.1, sse4.2, popcnt, lzcnt, tsc, tscinvbit, avx, avx2, aes, erms, clmul, bmi1, bmi2, adx, avx512f, avx512dq, avx512cd, avx512bw, avx512vl, sha, fma, vzeroupper, avx512_vpopcntdq, avx512_vpclmulqdq, avx512_vaes, avx512_vnni, clflush, clflushopt, avx512_vbmi2, avx512_vbmi, hv, rdtscp, rdpid, fsrm, gfni, avx512_bitalg, f16c, cet_ss, avx512_ifma
Processor Information for processor 0
  Max Mhz: 4301, Current Mhz: 2022, Mhz Limit: 4301
Processor Information for processor 1
  Max Mhz: 4301, Current Mhz: 2022, Mhz Limit: 4301
Processor Information for processor 2
  Max Mhz: 4301, Current Mhz: 4301, Mhz Limit: 4301
Processor Information for processor 3
  Max Mhz: 4301, Current Mhz: 2022, Mhz Limit: 4301
Processor Information for processor 4
  Max Mhz: 4301, Current Mhz: 2022, Mhz Limit: 4301
Processor Information for processor 5
  Max Mhz: 4301, Current Mhz: 2022, Mhz Limit: 4301
Processor Information for processor 6
  Max Mhz: 4301, Current Mhz: 2022, Mhz Limit: 4301
Processor Information for processor 7
  Max Mhz: 4301, Current Mhz: 2022, Mhz Limit: 4301
Processor Information for processor 8
  Max Mhz: 4301, Current Mhz: 2022, Mhz Limit: 4301
Processor Information for processor 9
  Max Mhz: 4301, Current Mhz: 2022, Mhz Limit: 4301
Processor Information for processor 10
  Max Mhz: 4301, Current Mhz: 2022, Mhz Limit: 4301
Processor Information for processor 11
  Max Mhz: 4301, Current Mhz: 2022, Mhz Limit: 4301

Memory: 4k page, system-wide physical 15554M (4127M free)
TotalPageFile size 20674M (AvailPageFile size 29M)
current process WorkingSet (physical memory assigned to process): 312M, peak: 312M
current process commit charge ("private bytes"): 497M, peak: 542M

vm_info: OpenJDK 64-Bit Server VM (22.0.2+9-70) for windows-amd64 JRE (22.0.2+9-70), built on 2024-06-04T16:52:23Z by "mach5one" with MS VC++ 17.6 (VS2022)

END.
