#
# There is insufficient memory for the Java Runtime Environment to continue.
# Native memory allocation (malloc) failed to allocate 131088 bytes. Error detail: Chunk::new
# Possible reasons:
#   The system is out of physical RAM or swap space
#   This process is running with CompressedOops enabled, and the Java Heap may be blocking the growth of the native heap
# Possible solutions:
#   Reduce memory load on the system
#   Increase physical memory or swap space
#   Check if swap backing store is full
#   Decrease Java heap size (-Xmx/-Xms)
#   Decrease number of Java threads
#   Decrease Java thread stack sizes (-Xss)
#   Set larger code cache with -XX:ReservedCodeCacheSize=
#   JVM is running with Unscaled Compressed Oops mode in which the Java heap is
#     placed in the first 4GB address space. The Java Heap base address is the
#     maximum limit for the native heap growth. Please use -XX:HeapBaseMinAddress
#     to set the Java Heap base and to place the Java Heap above 4GB virtual address.
# This output file may be truncated or incomplete.
#
#  Out of Memory Error (arena.cpp:191), pid=30052, tid=27792
#
# JRE version: OpenJDK Runtime Environment Temurin-17.0.12+7 (17.0.12+7) (build 17.0.12+7)
# Java VM: OpenJDK 64-Bit Server VM Temurin-17.0.12+7 (17.0.12+7, mixed mode, tiered, compressed oops, compressed class ptrs, parallel gc, windows-amd64)
# No core dump will be written. Minidumps are not enabled by default on client versions of Windows
#

---------------  S U M M A R Y ------------

Command Line: --add-modules=ALL-SYSTEM --add-opens=java.base/java.util=ALL-UNNAMED --add-opens=java.base/java.lang=ALL-UNNAMED --add-opens=java.base/sun.nio.fs=ALL-UNNAMED -Declipse.application=org.eclipse.jdt.ls.core.id1 -Dosgi.bundles.defaultStartLevel=4 -Declipse.product=org.eclipse.jdt.ls.core.product -Djava.import.generatesMetadataFilesAtProjectRoot=false -DDetectVMInstallationsJob.disabled=true -Dfile.encoding=utf8 -XX:+UseParallelGC -XX:GCTimeRatio=4 -XX:AdaptiveSizePolicyWeight=90 -Dsun.zip.disableMemoryMapping=true -Xmx1G -Xms100m -Xlog:disable -javaagent:c:\Users\kamal\.vscode\extensions\redhat.java-1.34.0-win32-x64\lombok\lombok-1.18.33.jar -XX:+HeapDumpOnOutOfMemoryError -XX:HeapDumpPath=c:\Users\kamal\AppData\Roaming\Code\User\workspaceStorage\d80a8ef48440f1b9badfe7c043a54997\redhat.java -Daether.dependencyCollector.impl=bf c:\Users\kamal\.vscode\extensions\redhat.java-1.34.0-win32-x64\server\plugins\org.eclipse.equinox.launcher_1.6.900.v20240613-2009.jar -configuration c:\Users\kamal\AppData\Roaming\Code\User\globalStorage\redhat.java\1.34.0\config_win -data c:\Users\kamal\AppData\Roaming\Code\User\workspaceStorage\d80a8ef48440f1b9badfe7c043a54997\redhat.java\jdt_ws --pipe=\\.\pipe\lsp-4a28f9f0e2c947142363884f605c1dc6-sock

Host: AMD Ryzen 5 7640HS w/ Radeon 760M Graphics     , 12 cores, 15G,  Windows 11 , 64 bit Build 22621 (10.0.22621.3958)
Time: Wed Sep 11 18:18:31 2024 India Standard Time elapsed time: 20.043330 seconds (0d 0h 0m 20s)

---------------  T H R E A D  ---------------

Current thread (0x00000222e7811280):  JavaThread "C2 CompilerThread2" daemon [_thread_in_native, id=27792, stack(0x000000ff03d00000,0x000000ff03e00000)]


Current CompileTask:
C2:  20043 9438   !   4       java.util.jar.Attributes::read (498 bytes)

Stack: [0x000000ff03d00000,0x000000ff03e00000]
Native frames: (J=compiled Java code, j=interpreted, Vv=VM code, C=native code)
V  [jvm.dll+0x67f929]
V  [jvm.dll+0x8371ba]
V  [jvm.dll+0x838c7e]
V  [jvm.dll+0x8392e3]
V  [jvm.dll+0x24834f]
V  [jvm.dll+0xac9d4]
V  [jvm.dll+0xad01c]
V  [jvm.dll+0xacadb]
V  [jvm.dll+0x65d05c]
V  [jvm.dll+0x60facd]
V  [jvm.dll+0x21a728]
V  [jvm.dll+0x219cf1]
V  [jvm.dll+0x1a58bd]
V  [jvm.dll+0x229a2d]
V  [jvm.dll+0x227bdc]
V  [jvm.dll+0x7ec1f7]
V  [jvm.dll+0x7e65dc]
V  [jvm.dll+0x67e7f7]
C  [ucrtbase.dll+0x29333]
C  [KERNEL32.DLL+0x1257d]
C  [ntdll.dll+0x5af28]


---------------  P R O C E S S  ---------------

Threads class SMR info:
_java_thread_list=0x00000222e95e24e0, length=47, elements={
0x00000222cab44420, 0x00000222de9c7270, 0x00000222cabeb610, 0x00000222de9c80f0,
0x00000222de9c8cb0, 0x00000222de9c9870, 0x00000222e3b4ccf0, 0x00000222e3b50d30,
0x00000222e3b55b70, 0x00000222e3b61520, 0x00000222e3c3a650, 0x00000222e52d7f80,
0x00000222e5c5a370, 0x00000222e5d1db40, 0x00000222e5dd3620, 0x00000222e626f750,
0x00000222e5e7c2d0, 0x00000222e5e78590, 0x00000222e5e79ee0, 0x00000222e5e77150,
0x00000222e5e78080, 0x00000222e5e77660, 0x00000222e5e799d0, 0x00000222e5e7a3f0,
0x00000222e5e76c40, 0x00000222e5e77b70, 0x00000222e86502f0, 0x00000222e8653590,
0x00000222e8656320, 0x00000222e8653fb0, 0x00000222e8655900, 0x00000222e8652b70,
0x00000222e8655e10, 0x00000222e8656830, 0x00000222e8656d40, 0x00000222e8650800,
0x00000222e864f8d0, 0x00000222e8653aa0, 0x00000222e8650d10, 0x00000222e86544c0,
0x00000222e8651730, 0x00000222e86553f0, 0x00000222e8652660, 0x00000222e8e3c9f0,
0x00000222e8e3c4e0, 0x00000222e8e459c0, 0x00000222e7811280
}

Java Threads: ( => current thread )
  0x00000222cab44420 JavaThread "main" [_thread_blocked, id=9108, stack(0x000000ff01f00000,0x000000ff02000000)]
  0x00000222de9c7270 JavaThread "Reference Handler" daemon [_thread_blocked, id=30208, stack(0x000000ff02200000,0x000000ff02300000)]
  0x00000222cabeb610 JavaThread "Finalizer" daemon [_thread_blocked, id=22676, stack(0x000000ff02300000,0x000000ff02400000)]
  0x00000222de9c80f0 JavaThread "Signal Dispatcher" daemon [_thread_blocked, id=28936, stack(0x000000ff02400000,0x000000ff02500000)]
  0x00000222de9c8cb0 JavaThread "Attach Listener" daemon [_thread_blocked, id=29704, stack(0x000000ff02500000,0x000000ff02600000)]
  0x00000222de9c9870 JavaThread "Service Thread" daemon [_thread_blocked, id=19156, stack(0x000000ff02600000,0x000000ff02700000)]
  0x00000222e3b4ccf0 JavaThread "Monitor Deflation Thread" daemon [_thread_blocked, id=29164, stack(0x000000ff02700000,0x000000ff02800000)]
  0x00000222e3b50d30 JavaThread "C2 CompilerThread0" daemon [_thread_in_native, id=23652, stack(0x000000ff02800000,0x000000ff02900000)]
  0x00000222e3b55b70 JavaThread "C1 CompilerThread0" daemon [_thread_blocked, id=30236, stack(0x000000ff02900000,0x000000ff02a00000)]
  0x00000222e3b61520 JavaThread "Sweeper thread" daemon [_thread_blocked, id=3180, stack(0x000000ff02a00000,0x000000ff02b00000)]
  0x00000222e3c3a650 JavaThread "Common-Cleaner" daemon [_thread_blocked, id=25336, stack(0x000000ff02b00000,0x000000ff02c00000)]
  0x00000222e52d7f80 JavaThread "Notification Thread" daemon [_thread_blocked, id=10532, stack(0x000000ff02d00000,0x000000ff02e00000)]
  0x00000222e5c5a370 JavaThread "Active Thread: Equinox Container: ef23ddc4-0395-41e4-8263-14f7ad218afd" [_thread_blocked, id=30496, stack(0x000000ff03600000,0x000000ff03700000)]
  0x00000222e5d1db40 JavaThread "Framework Event Dispatcher: Equinox Container: ef23ddc4-0395-41e4-8263-14f7ad218afd" daemon [_thread_blocked, id=9292, stack(0x000000ff03700000,0x000000ff03800000)]
  0x00000222e5dd3620 JavaThread "Start Level: Equinox Container: ef23ddc4-0395-41e4-8263-14f7ad218afd" daemon [_thread_blocked, id=28696, stack(0x000000ff03800000,0x000000ff03900000)]
  0x00000222e626f750 JavaThread "Bundle File Closer" daemon [_thread_blocked, id=29568, stack(0x000000ff03a00000,0x000000ff03b00000)]
  0x00000222e5e7c2d0 JavaThread "SCR Component Actor" daemon [_thread_blocked, id=26288, stack(0x000000ff03c00000,0x000000ff03d00000)]
  0x00000222e5e78590 JavaThread "Worker-JM" [_thread_blocked, id=14384, stack(0x000000ff02f00000,0x000000ff03000000)]
  0x00000222e5e79ee0 JavaThread "JNA Cleaner" daemon [_thread_blocked, id=27056, stack(0x000000ff03f00000,0x000000ff04000000)]
  0x00000222e5e77150 JavaThread "Worker-0: Java indexing... " [_thread_blocked, id=30740, stack(0x000000ff04000000,0x000000ff04100000)]
  0x00000222e5e78080 JavaThread "Worker-1: Refreshing workspace" [_thread_blocked, id=27800, stack(0x000000ff04100000,0x000000ff04200000)]
  0x00000222e5e77660 JavaThread "Java indexing" daemon [_thread_in_Java, id=29564, stack(0x000000ff04300000,0x000000ff04400000)]
  0x00000222e5e799d0 JavaThread "Thread-2" daemon [_thread_in_native, id=812, stack(0x000000ff04400000,0x000000ff04500000)]
  0x00000222e5e7a3f0 JavaThread "Thread-3" daemon [_thread_in_native, id=2888, stack(0x000000ff04500000,0x000000ff04600000)]
  0x00000222e5e76c40 JavaThread "Thread-4" daemon [_thread_in_native, id=24768, stack(0x000000ff04600000,0x000000ff04700000)]
  0x00000222e5e77b70 JavaThread "Thread-5" daemon [_thread_in_native, id=23268, stack(0x000000ff04700000,0x000000ff04800000)]
  0x00000222e86502f0 JavaThread "Thread-6" daemon [_thread_in_native, id=10392, stack(0x000000ff04800000,0x000000ff04900000)]
  0x00000222e8653590 JavaThread "Thread-7" daemon [_thread_in_native, id=6944, stack(0x000000ff04900000,0x000000ff04a00000)]
  0x00000222e8656320 JavaThread "Thread-8" daemon [_thread_in_native, id=2792, stack(0x000000ff04a00000,0x000000ff04b00000)]
  0x00000222e8653fb0 JavaThread "Thread-9" daemon [_thread_in_native, id=31356, stack(0x000000ff04b00000,0x000000ff04c00000)]
  0x00000222e8655900 JavaThread "Thread-10" daemon [_thread_in_native, id=31360, stack(0x000000ff04c00000,0x000000ff04d00000)]
  0x00000222e8652b70 JavaThread "Thread-11" daemon [_thread_in_native, id=31736, stack(0x000000ff04d00000,0x000000ff04e00000)]
  0x00000222e8655e10 JavaThread "Thread-12" daemon [_thread_in_native, id=14168, stack(0x000000ff04e00000,0x000000ff04f00000)]
  0x00000222e8656830 JavaThread "Thread-13" daemon [_thread_in_native, id=11024, stack(0x000000ff04f00000,0x000000ff05000000)]
  0x00000222e8656d40 JavaThread "Thread-14" daemon [_thread_in_native, id=6068, stack(0x000000ff05000000,0x000000ff05100000)]
  0x00000222e8650800 JavaThread "pool-2-thread-1" [_thread_blocked, id=316, stack(0x000000ff05100000,0x000000ff05200000)]
  0x00000222e864f8d0 JavaThread "WorkspaceEventsHandler" [_thread_blocked, id=31668, stack(0x000000ff05200000,0x000000ff05300000)]
  0x00000222e8653aa0 JavaThread "pool-1-thread-1" [_thread_blocked, id=31436, stack(0x000000ff05300000,0x000000ff05400000)]
  0x00000222e8650d10 JavaThread "Worker-2: Update Maven project configuration" [_thread_in_native, id=30544, stack(0x000000ff05400000,0x000000ff05500000)]
  0x00000222e86544c0 JavaThread "Worker-3: Initialize Workspace" [_thread_blocked, id=7716, stack(0x000000ff05600000,0x000000ff05700000)]
  0x00000222e8651730 JavaThread "Worker-4: Initialize workspace" [_thread_blocked, id=28544, stack(0x000000ff05800000,0x000000ff05900000)]
  0x00000222e86553f0 JavaThread "Worker-5" [_thread_blocked, id=28200, stack(0x000000ff05900000,0x000000ff05a00000)]
  0x00000222e8652660 JavaThread "Worker-6" [_thread_blocked, id=27060, stack(0x000000ff05a00000,0x000000ff05b00000)]
  0x00000222e8e3c9f0 JavaThread "Worker-7" [_thread_blocked, id=11400, stack(0x000000ff05b00000,0x000000ff05c00000)]
  0x00000222e8e3c4e0 JavaThread "ForkJoinPool.commonPool-worker-1" daemon [_thread_blocked, id=19448, stack(0x000000ff02c00000,0x000000ff02d00000)]
  0x00000222e8e459c0 JavaThread "C2 CompilerThread1" daemon [_thread_in_native, id=4748, stack(0x000000ff05e00000,0x000000ff05f00000)]
=>0x00000222e7811280 JavaThread "C2 CompilerThread2" daemon [_thread_in_native, id=27792, stack(0x000000ff03d00000,0x000000ff03e00000)]

Other Threads:
  0x00000222de9b2c20 VMThread "VM Thread" [stack: 0x000000ff02100000,0x000000ff02200000] [id=23964]
  0x00000222e53ae740 WatcherThread [stack: 0x000000ff02e00000,0x000000ff02f00000] [id=31432]
  0x00000222cab58e90 GCTaskThread "GC Thread#0" [stack: 0x000000ff02000000,0x000000ff02100000] [id=21112]
  0x00000222e598a450 GCTaskThread "GC Thread#1" [stack: 0x000000ff03000000,0x000000ff03100000] [id=31660]
  0x00000222e5865860 GCTaskThread "GC Thread#2" [stack: 0x000000ff03100000,0x000000ff03200000] [id=25080]
  0x00000222e5865b20 GCTaskThread "GC Thread#3" [stack: 0x000000ff03200000,0x000000ff03300000] [id=14292]
  0x00000222e5865de0 GCTaskThread "GC Thread#4" [stack: 0x000000ff03300000,0x000000ff03400000] [id=26920]
  0x00000222e58660a0 GCTaskThread "GC Thread#5" [stack: 0x000000ff03400000,0x000000ff03500000] [id=14704]
  0x00000222e5866570 GCTaskThread "GC Thread#6" [stack: 0x000000ff03500000,0x000000ff03600000] [id=30648]
  0x00000222e5c1a070 GCTaskThread "GC Thread#7" [stack: 0x000000ff03900000,0x000000ff03a00000] [id=5660]
  0x00000222e5c1b670 GCTaskThread "GC Thread#8" [stack: 0x000000ff03b00000,0x000000ff03c00000] [id=22896]
  0x00000222e5c1a5f0 GCTaskThread "GC Thread#9" [stack: 0x000000ff03e00000,0x000000ff03f00000] [id=24912]

Threads with active compile tasks:
C2 CompilerThread0    20056 9430   !   4       com.google.inject.spi.InjectionPoint::getInjectionPoints (491 bytes)
C2 CompilerThread1    20056 9372   !   4       org.codehaus.plexus.interpolation.StringSearchInterpolator::interpolate (668 bytes)
C2 CompilerThread2    20056 9438   !   4       java.util.jar.Attributes::read (498 bytes)

VM state: at safepoint (normal execution)

VM Mutex/Monitor currently owned by a thread:  ([mutex/lock_event])
[0x00000222cab3dca0] Threads_lock - owner thread: 0x00000222de9b2c20
[0x00000222cab3f200] Heap_lock - owner thread: 0x00000222e5e77660

Heap address: 0x00000000c0000000, size: 1024 MB, Compressed Oops mode: 32-bit

CDS archive(s) not mapped
Compressed class space mapped at: 0x0000000100000000-0x0000000140000000, reserved size: 1073741824
Narrow klass base: 0x0000000000000000, Narrow klass shift: 3, Narrow klass range: 0x140000000

GC Precious Log:
 CPUs: 12 total, 12 available
 Memory: 15554M
 Large Page Support: Disabled
 NUMA Support: Disabled
 Compressed Oops: Enabled (32-bit)
 Alignments: Space 512K, Generation 512K, Heap 2M
 Heap Min Capacity: 100M
 Heap Initial Capacity: 100M
 Heap Max Capacity: 1G
 Pre-touch: Disabled
 Parallel Workers: 10

Heap:
 PSYoungGen      total 5632K, used 5628K [0x00000000eab00000, 0x00000000eb380000, 0x0000000100000000)
  eden space 3072K, 100% used [0x00000000eab00000,0x00000000eae00000,0x00000000eae00000)
  from space 2560K, 99% used [0x00000000eb100000,0x00000000eb37f000,0x00000000eb380000)
  to   space 3072K, 33% used [0x00000000eae00000,0x00000000eaf01320,0x00000000eb100000)
 ParOldGen       total 699392K, used 233071K [0x00000000c0000000, 0x00000000eab00000, 0x00000000eab00000)
  object space 699392K, 33% used [0x00000000c0000000,0x00000000ce39dc48,0x00000000eab00000)
 Metaspace       used 63618K, committed 64832K, reserved 1114112K
  class space    used 6923K, committed 7424K, reserved 1048576K

Card table byte_map: [0x00000222ca4d0000,0x00000222ca6e0000] _byte_map_base: 0x00000222c9ed0000

Marking Bits: (ParMarkBitMap*) 0x00007ffc34ff58b0
 Begin Bits: [0x00000222dc7d0000, 0x00000222dd7d0000)
 End Bits:   [0x00000222dd7d0000, 0x00000222de7d0000)

Polling page: 0x00000222c8a90000

Metaspace:

Usage:
  Non-class:     55.37 MB used.
      Class:      6.76 MB used.
       Both:     62.13 MB used.

Virtual space:
  Non-class space:       64.00 MB reserved,      56.06 MB ( 88%) committed,  1 nodes.
      Class space:        1.00 GB reserved,       7.25 MB ( <1%) committed,  1 nodes.
             Both:        1.06 GB reserved,      63.31 MB (  6%) committed. 

Chunk freelists:
   Non-Class:  7.23 MB
       Class:  8.75 MB
        Both:  15.99 MB

MaxMetaspaceSize: unlimited
CompressedClassSpaceSize: 1.00 GB
Initial GC threshold: 21.00 MB
Current GC threshold: 104.69 MB
CDS: off
MetaspaceReclaimPolicy: balanced
 - commit_granule_bytes: 65536.
 - commit_granule_words: 8192.
 - virtual_space_node_default_size: 8388608.
 - enlarge_chunks_in_place: 1.
 - new_chunks_are_fully_committed: 0.
 - uncommit_free_chunks: 1.
 - use_allocation_guard: 0.
 - handle_deallocations: 1.


Internal statistics:

num_allocs_failed_limit: 9.
num_arena_births: 856.
num_arena_deaths: 14.
num_vsnodes_births: 2.
num_vsnodes_deaths: 0.
num_space_committed: 1013.
num_space_uncommitted: 0.
num_chunks_returned_to_freelist: 23.
num_chunks_taken_from_freelist: 3251.
num_chunk_merges: 14.
num_chunk_splits: 2035.
num_chunks_enlarged: 1200.
num_inconsistent_stats: 0.

CodeHeap 'non-profiled nmethods': size=120000Kb used=5510Kb max_used=5510Kb free=114489Kb
 bounds [0x00000222d52a0000, 0x00000222d5810000, 0x00000222dc7d0000]
CodeHeap 'profiled nmethods': size=120000Kb used=15306Kb max_used=15306Kb free=104693Kb
 bounds [0x00000222cd7d0000, 0x00000222ce6e0000, 0x00000222d4d00000]
CodeHeap 'non-nmethods': size=5760Kb used=1374Kb max_used=1446Kb free=4386Kb
 bounds [0x00000222d4d00000, 0x00000222d4f70000, 0x00000222d52a0000]
 total_blobs=8514 nmethods=7808 adapters=618
 compilation: enabled
              stopped_count=0, restarted_count=0
 full_count=0

Compilation events (20 events):
Event: 19.993 Thread 0x00000222e3b55b70 nmethod 9433 0x00000222ce4c1790 code [0x00000222ce4c19a0, 0x00000222ce4c2078]
Event: 19.993 Thread 0x00000222e3b55b70 9437       3       java.util.Collections$SetFromMap::remove (19 bytes)
Event: 19.993 Thread 0x00000222e3b55b70 nmethod 9437 0x00000222ce3ac110 code [0x00000222ce3ac2c0, 0x00000222ce3ac4e8]
Event: 19.993 Thread 0x00000222e3b55b70 9434       3       com.google.common.collect.RegularImmutableSet::iterator (8 bytes)
Event: 19.993 Thread 0x00000222e7811280 9438   !   4       java.util.jar.Attributes::read (498 bytes)
Event: 19.994 Thread 0x00000222e3b55b70 nmethod 9434 0x00000222ce13c890 code [0x00000222ce13caa0, 0x00000222ce13d0f8]
Event: 19.994 Thread 0x00000222e3b55b70 9435       3       com.google.common.collect.Iterators::forArray (6 bytes)
Event: 19.995 Thread 0x00000222e3b55b70 nmethod 9435 0x00000222ce4c0c90 code [0x00000222ce4c0ea0, 0x00000222ce4c1478]
Event: 19.995 Thread 0x00000222e3b55b70 9431       3       com.google.common.base.Objects::hashCode (5 bytes)
Event: 19.995 Thread 0x00000222e3b55b70 nmethod 9431 0x00000222ce06cd10 code [0x00000222ce06cea0, 0x00000222ce06cfa8]
Event: 19.995 Thread 0x00000222e3b55b70 9440 % !   3       java.nio.file.Files::walkFileTree @ 19 (297 bytes)
Event: 19.997 Thread 0x00000222e3b55b70 nmethod 9440% 0x00000222ce138c10 code [0x00000222ce139040, 0x00000222ce13b4e8]
Event: 20.009 Thread 0x00000222e3b50d30 nmethod 9425 0x00000222d57fe490 code [0x00000222d57fe6e0, 0x00000222d57ffcd0]
Event: 20.009 Thread 0x00000222e3b50d30 9436       4       java.util.stream.SortedOps$SizedRefSortingSink::end (129 bytes)
Event: 20.019 Thread 0x00000222e3b50d30 nmethod 9436 0x00000222d5800b10 code [0x00000222d5800ce0, 0x00000222d58014d8]
Event: 20.019 Thread 0x00000222e3b50d30 9430   !   4       com.google.inject.spi.InjectionPoint::getInjectionPoints (491 bytes)
Event: 20.031 Thread 0x00000222e3b55b70 9443       3       java.io.RandomAccessFile$1::<init> (10 bytes)
Event: 20.031 Thread 0x00000222e3b55b70 nmethod 9443 0x00000222ce444390 code [0x00000222ce444520, 0x00000222ce444698]
Event: 20.031 Thread 0x00000222e3b55b70 9444       3       java.io.RandomAccessFile$1::close (11 bytes)
Event: 20.032 Thread 0x00000222e3b55b70 nmethod 9444 0x00000222ce4e2110 code [0x00000222ce4e22e0, 0x00000222ce4e27d8]

GC Heap History (20 events):
Event: 19.954 GC heap after
{Heap after GC invocations=459 (full 272):
 PSYoungGen      total 6144K, used 2134K [0x00000000eab00000, 0x00000000eb380000, 0x0000000100000000)
  eden space 3072K, 0% used [0x00000000eab00000,0x00000000eab00000,0x00000000eae00000)
  from space 3072K, 69% used [0x00000000eae00000,0x00000000eb0159b0,0x00000000eb100000)
  to   space 2560K, 0% used [0x00000000eb100000,0x00000000eb100000,0x00000000eb380000)
 ParOldGen       total 699392K, used 225823K [0x00000000c0000000, 0x00000000eab00000, 0x00000000eab00000)
  object space 699392K, 32% used [0x00000000c0000000,0x00000000cdc87c10,0x00000000eab00000)
 Metaspace       used 63407K, committed 64640K, reserved 1114112K
  class space    used 6903K, committed 7424K, reserved 1048576K
}
Event: 19.960 GC heap before
{Heap before GC invocations=460 (full 272):
 PSYoungGen      total 6144K, used 5206K [0x00000000eab00000, 0x00000000eb380000, 0x0000000100000000)
  eden space 3072K, 99% used [0x00000000eab00000,0x00000000eadffea8,0x00000000eae00000)
  from space 3072K, 69% used [0x00000000eae00000,0x00000000eb0159b0,0x00000000eb100000)
  to   space 2560K, 0% used [0x00000000eb100000,0x00000000eb100000,0x00000000eb380000)
 ParOldGen       total 699392K, used 225823K [0x00000000c0000000, 0x00000000eab00000, 0x00000000eab00000)
  object space 699392K, 32% used [0x00000000c0000000,0x00000000cdc87c10,0x00000000eab00000)
 Metaspace       used 63472K, committed 64704K, reserved 1114112K
  class space    used 6911K, committed 7424K, reserved 1048576K
}
Event: 19.961 GC heap after
{Heap after GC invocations=460 (full 272):
 PSYoungGen      total 5632K, used 2557K [0x00000000eab00000, 0x00000000eb480000, 0x0000000100000000)
  eden space 3072K, 0% used [0x00000000eab00000,0x00000000eab00000,0x00000000eae00000)
  from space 2560K, 99% used [0x00000000eb100000,0x00000000eb37f4f0,0x00000000eb380000)
  to   space 3072K, 0% used [0x00000000eae00000,0x00000000eae00000,0x00000000eb100000)
 ParOldGen       total 699392K, used 225855K [0x00000000c0000000, 0x00000000eab00000, 0x00000000eab00000)
  object space 699392K, 32% used [0x00000000c0000000,0x00000000cdc8fc10,0x00000000eab00000)
 Metaspace       used 63472K, committed 64704K, reserved 1114112K
  class space    used 6911K, committed 7424K, reserved 1048576K
}
Event: 19.969 GC heap before
{Heap before GC invocations=461 (full 272):
 PSYoungGen      total 5632K, used 5629K [0x00000000eab00000, 0x00000000eb480000, 0x0000000100000000)
  eden space 3072K, 100% used [0x00000000eab00000,0x00000000eae00000,0x00000000eae00000)
  from space 2560K, 99% used [0x00000000eb100000,0x00000000eb37f4f0,0x00000000eb380000)
  to   space 3072K, 0% used [0x00000000eae00000,0x00000000eae00000,0x00000000eb100000)
 ParOldGen       total 699392K, used 225855K [0x00000000c0000000, 0x00000000eab00000, 0x00000000eab00000)
  object space 699392K, 32% used [0x00000000c0000000,0x00000000cdc8fc10,0x00000000eab00000)
 Metaspace       used 63489K, committed 64704K, reserved 1114112K
  class space    used 6913K, committed 7424K, reserved 1048576K
}
Event: 19.971 GC heap after
{Heap after GC invocations=461 (full 272):
 PSYoungGen      total 6144K, used 1921K [0x00000000eab00000, 0x00000000eb380000, 0x0000000100000000)
  eden space 3072K, 0% used [0x00000000eab00000,0x00000000eab00000,0x00000000eae00000)
  from space 3072K, 62% used [0x00000000eae00000,0x00000000eafe0790,0x00000000eb100000)
  to   space 2560K, 0% used [0x00000000eb100000,0x00000000eb100000,0x00000000eb380000)
 ParOldGen       total 699392K, used 227187K [0x00000000c0000000, 0x00000000eab00000, 0x00000000eab00000)
  object space 699392K, 32% used [0x00000000c0000000,0x00000000cdddce18,0x00000000eab00000)
 Metaspace       used 63489K, committed 64704K, reserved 1114112K
  class space    used 6913K, committed 7424K, reserved 1048576K
}
Event: 19.978 GC heap before
{Heap before GC invocations=462 (full 272):
 PSYoungGen      total 6144K, used 4993K [0x00000000eab00000, 0x00000000eb380000, 0x0000000100000000)
  eden space 3072K, 100% used [0x00000000eab00000,0x00000000eae00000,0x00000000eae00000)
  from space 3072K, 62% used [0x00000000eae00000,0x00000000eafe0790,0x00000000eb100000)
  to   space 2560K, 0% used [0x00000000eb100000,0x00000000eb100000,0x00000000eb380000)
 ParOldGen       total 699392K, used 227187K [0x00000000c0000000, 0x00000000eab00000, 0x00000000eab00000)
  object space 699392K, 32% used [0x00000000c0000000,0x00000000cdddce18,0x00000000eab00000)
 Metaspace       used 63491K, committed 64704K, reserved 1114112K
  class space    used 6913K, committed 7424K, reserved 1048576K
}
Event: 19.979 GC heap after
{Heap after GC invocations=462 (full 272):
 PSYoungGen      total 5632K, used 2543K [0x00000000eab00000, 0x00000000eb480000, 0x0000000100000000)
  eden space 3072K, 0% used [0x00000000eab00000,0x00000000eab00000,0x00000000eae00000)
  from space 2560K, 99% used [0x00000000eb100000,0x00000000eb37bd98,0x00000000eb380000)
  to   space 3072K, 0% used [0x00000000eae00000,0x00000000eae00000,0x00000000eb100000)
 ParOldGen       total 699392K, used 227208K [0x00000000c0000000, 0x00000000eab00000, 0x00000000eab00000)
  object space 699392K, 32% used [0x00000000c0000000,0x00000000cdde2280,0x00000000eab00000)
 Metaspace       used 63491K, committed 64704K, reserved 1114112K
  class space    used 6913K, committed 7424K, reserved 1048576K
}
Event: 19.986 GC heap before
{Heap before GC invocations=463 (full 272):
 PSYoungGen      total 5632K, used 5615K [0x00000000eab00000, 0x00000000eb480000, 0x0000000100000000)
  eden space 3072K, 100% used [0x00000000eab00000,0x00000000eae00000,0x00000000eae00000)
  from space 2560K, 99% used [0x00000000eb100000,0x00000000eb37bd98,0x00000000eb380000)
  to   space 3072K, 0% used [0x00000000eae00000,0x00000000eae00000,0x00000000eb100000)
 ParOldGen       total 699392K, used 227208K [0x00000000c0000000, 0x00000000eab00000, 0x00000000eab00000)
  object space 699392K, 32% used [0x00000000c0000000,0x00000000cdde2280,0x00000000eab00000)
 Metaspace       used 63574K, committed 64768K, reserved 1114112K
  class space    used 6919K, committed 7424K, reserved 1048576K
}
Event: 19.987 GC heap after
{Heap after GC invocations=463 (full 272):
 PSYoungGen      total 6144K, used 1947K [0x00000000eab00000, 0x00000000eb380000, 0x0000000100000000)
  eden space 3072K, 0% used [0x00000000eab00000,0x00000000eab00000,0x00000000eae00000)
  from space 3072K, 63% used [0x00000000eae00000,0x00000000eafe6c50,0x00000000eb100000)
  to   space 2560K, 0% used [0x00000000eb100000,0x00000000eb100000,0x00000000eb380000)
 ParOldGen       total 699392K, used 228402K [0x00000000c0000000, 0x00000000eab00000, 0x00000000eab00000)
  object space 699392K, 32% used [0x00000000c0000000,0x00000000cdf0cb90,0x00000000eab00000)
 Metaspace       used 63574K, committed 64768K, reserved 1114112K
  class space    used 6919K, committed 7424K, reserved 1048576K
}
Event: 19.994 GC heap before
{Heap before GC invocations=464 (full 272):
 PSYoungGen      total 6144K, used 5019K [0x00000000eab00000, 0x00000000eb380000, 0x0000000100000000)
  eden space 3072K, 100% used [0x00000000eab00000,0x00000000eae00000,0x00000000eae00000)
  from space 3072K, 63% used [0x00000000eae00000,0x00000000eafe6c50,0x00000000eb100000)
  to   space 2560K, 0% used [0x00000000eb100000,0x00000000eb100000,0x00000000eb380000)
 ParOldGen       total 699392K, used 228402K [0x00000000c0000000, 0x00000000eab00000, 0x00000000eab00000)
  object space 699392K, 32% used [0x00000000c0000000,0x00000000cdf0cb90,0x00000000eab00000)
 Metaspace       used 63618K, committed 64832K, reserved 1114112K
  class space    used 6923K, committed 7424K, reserved 1048576K
}
Event: 19.995 GC heap after
{Heap after GC invocations=464 (full 272):
 PSYoungGen      total 5632K, used 2535K [0x00000000eab00000, 0x00000000eb480000, 0x0000000100000000)
  eden space 3072K, 0% used [0x00000000eab00000,0x00000000eab00000,0x00000000eae00000)
  from space 2560K, 99% used [0x00000000eb100000,0x00000000eb379d20,0x00000000eb380000)
  to   space 3072K, 0% used [0x00000000eae00000,0x00000000eae00000,0x00000000eb100000)
 ParOldGen       total 699392K, used 228423K [0x00000000c0000000, 0x00000000eab00000, 0x00000000eab00000)
  object space 699392K, 32% used [0x00000000c0000000,0x00000000cdf11e88,0x00000000eab00000)
 Metaspace       used 63618K, committed 64832K, reserved 1114112K
  class space    used 6923K, committed 7424K, reserved 1048576K
}
Event: 20.014 GC heap before
{Heap before GC invocations=465 (full 272):
 PSYoungGen      total 5632K, used 5607K [0x00000000eab00000, 0x00000000eb480000, 0x0000000100000000)
  eden space 3072K, 100% used [0x00000000eab00000,0x00000000eae00000,0x00000000eae00000)
  from space 2560K, 99% used [0x00000000eb100000,0x00000000eb379d20,0x00000000eb380000)
  to   space 3072K, 0% used [0x00000000eae00000,0x00000000eae00000,0x00000000eb100000)
 ParOldGen       total 699392K, used 228423K [0x00000000c0000000, 0x00000000eab00000, 0x00000000eab00000)
  object space 699392K, 32% used [0x00000000c0000000,0x00000000cdf11e88,0x00000000eab00000)
 Metaspace       used 63618K, committed 64832K, reserved 1114112K
  class space    used 6923K, committed 7424K, reserved 1048576K
}
Event: 20.015 GC heap after
{Heap after GC invocations=465 (full 272):
 PSYoungGen      total 6144K, used 1998K [0x00000000eab00000, 0x00000000eb380000, 0x0000000100000000)
  eden space 3072K, 0% used [0x00000000eab00000,0x00000000eab00000,0x00000000eae00000)
  from space 3072K, 65% used [0x00000000eae00000,0x00000000eaff3a30,0x00000000eb100000)
  to   space 2560K, 0% used [0x00000000eb100000,0x00000000eb100000,0x00000000eb380000)
 ParOldGen       total 699392K, used 229646K [0x00000000c0000000, 0x00000000eab00000, 0x00000000eab00000)
  object space 699392K, 32% used [0x00000000c0000000,0x00000000ce043a30,0x00000000eab00000)
 Metaspace       used 63618K, committed 64832K, reserved 1114112K
  class space    used 6923K, committed 7424K, reserved 1048576K
}
Event: 20.021 GC heap before
{Heap before GC invocations=466 (full 272):
 PSYoungGen      total 6144K, used 5070K [0x00000000eab00000, 0x00000000eb380000, 0x0000000100000000)
  eden space 3072K, 100% used [0x00000000eab00000,0x00000000eae00000,0x00000000eae00000)
  from space 3072K, 65% used [0x00000000eae00000,0x00000000eaff3a30,0x00000000eb100000)
  to   space 2560K, 0% used [0x00000000eb100000,0x00000000eb100000,0x00000000eb380000)
 ParOldGen       total 699392K, used 229646K [0x00000000c0000000, 0x00000000eab00000, 0x00000000eab00000)
  object space 699392K, 32% used [0x00000000c0000000,0x00000000ce043a30,0x00000000eab00000)
 Metaspace       used 63618K, committed 64832K, reserved 1114112K
  class space    used 6923K, committed 7424K, reserved 1048576K
}
Event: 20.022 GC heap after
{Heap after GC invocations=466 (full 272):
 PSYoungGen      total 5632K, used 2553K [0x00000000eab00000, 0x00000000eb480000, 0x0000000100000000)
  eden space 3072K, 0% used [0x00000000eab00000,0x00000000eab00000,0x00000000eae00000)
  from space 2560K, 99% used [0x00000000eb100000,0x00000000eb37e520,0x00000000eb380000)
  to   space 3072K, 0% used [0x00000000eae00000,0x00000000eae00000,0x00000000eb100000)
 ParOldGen       total 699392K, used 229683K [0x00000000c0000000, 0x00000000eab00000, 0x00000000eab00000)
  object space 699392K, 32% used [0x00000000c0000000,0x00000000ce04cf70,0x00000000eab00000)
 Metaspace       used 63618K, committed 64832K, reserved 1114112K
  class space    used 6923K, committed 7424K, reserved 1048576K
}
Event: 20.027 GC heap before
{Heap before GC invocations=467 (full 272):
 PSYoungGen      total 5632K, used 5625K [0x00000000eab00000, 0x00000000eb480000, 0x0000000100000000)
  eden space 3072K, 100% used [0x00000000eab00000,0x00000000eae00000,0x00000000eae00000)
  from space 2560K, 99% used [0x00000000eb100000,0x00000000eb37e520,0x00000000eb380000)
  to   space 3072K, 0% used [0x00000000eae00000,0x00000000eae00000,0x00000000eb100000)
 ParOldGen       total 699392K, used 229683K [0x00000000c0000000, 0x00000000eab00000, 0x00000000eab00000)
  object space 699392K, 32% used [0x00000000c0000000,0x00000000ce04cf70,0x00000000eab00000)
 Metaspace       used 63618K, committed 64832K, reserved 1114112K
  class space    used 6923K, committed 7424K, reserved 1048576K
}
Event: 20.029 GC heap after
{Heap after GC invocations=467 (full 272):
 PSYoungGen      total 6144K, used 2207K [0x00000000eab00000, 0x00000000eb380000, 0x0000000100000000)
  eden space 3072K, 0% used [0x00000000eab00000,0x00000000eab00000,0x00000000eae00000)
  from space 3072K, 71% used [0x00000000eae00000,0x00000000eb027fe0,0x00000000eb100000)
  to   space 2560K, 0% used [0x00000000eb100000,0x00000000eb100000,0x00000000eb380000)
 ParOldGen       total 699392K, used 230843K [0x00000000c0000000, 0x00000000eab00000, 0x00000000eab00000)
  object space 699392K, 33% used [0x00000000c0000000,0x00000000ce16efc0,0x00000000eab00000)
 Metaspace       used 63618K, committed 64832K, reserved 1114112K
  class space    used 6923K, committed 7424K, reserved 1048576K
}
Event: 20.035 GC heap before
{Heap before GC invocations=468 (full 272):
 PSYoungGen      total 6144K, used 5279K [0x00000000eab00000, 0x00000000eb380000, 0x0000000100000000)
  eden space 3072K, 100% used [0x00000000eab00000,0x00000000eae00000,0x00000000eae00000)
  from space 3072K, 71% used [0x00000000eae00000,0x00000000eb027fe0,0x00000000eb100000)
  to   space 2560K, 0% used [0x00000000eb100000,0x00000000eb100000,0x00000000eb380000)
 ParOldGen       total 699392K, used 230843K [0x00000000c0000000, 0x00000000eab00000, 0x00000000eab00000)
  object space 699392K, 33% used [0x00000000c0000000,0x00000000ce16efc0,0x00000000eab00000)
 Metaspace       used 63618K, committed 64832K, reserved 1114112K
  class space    used 6923K, committed 7424K, reserved 1048576K
}
Event: 20.036 GC heap after
{Heap after GC invocations=468 (full 272):
 PSYoungGen      total 5632K, used 2550K [0x00000000eab00000, 0x00000000eb480000, 0x0000000100000000)
  eden space 3072K, 0% used [0x00000000eab00000,0x00000000eab00000,0x00000000eae00000)
  from space 2560K, 99% used [0x00000000eb100000,0x00000000eb37d8b0,0x00000000eb380000)
  to   space 3072K, 0% used [0x00000000eae00000,0x00000000eae00000,0x00000000eb100000)
 ParOldGen       total 699392K, used 231045K [0x00000000c0000000, 0x00000000eab00000, 0x00000000eab00000)
  object space 699392K, 33% used [0x00000000c0000000,0x00000000ce1a14b0,0x00000000eab00000)
 Metaspace       used 63618K, committed 64832K, reserved 1114112K
  class space    used 6923K, committed 7424K, reserved 1048576K
}
Event: 20.042 GC heap before
{Heap before GC invocations=469 (full 272):
 PSYoungGen      total 5632K, used 5622K [0x00000000eab00000, 0x00000000eb480000, 0x0000000100000000)
  eden space 3072K, 100% used [0x00000000eab00000,0x00000000eae00000,0x00000000eae00000)
  from space 2560K, 99% used [0x00000000eb100000,0x00000000eb37d8b0,0x00000000eb380000)
  to   space 3072K, 0% used [0x00000000eae00000,0x00000000eae00000,0x00000000eb100000)
 ParOldGen       total 699392K, used 231045K [0x00000000c0000000, 0x00000000eab00000, 0x00000000eab00000)
  object space 699392K, 33% used [0x00000000c0000000,0x00000000ce1a14b0,0x00000000eab00000)
 Metaspace       used 63618K, committed 64832K, reserved 1114112K
  class space    used 6923K, committed 7424K, reserved 1048576K
}

Dll operation events (12 events):
Event: 0.010 Loaded shared library c:\Users\kamal\.vscode\extensions\redhat.java-1.34.0-win32-x64\jre\17.0.12-win32-x86_64\bin\java.dll
Event: 0.131 Loaded shared library c:\Users\kamal\.vscode\extensions\redhat.java-1.34.0-win32-x64\jre\17.0.12-win32-x86_64\bin\zip.dll
Event: 0.133 Loaded shared library C:\Users\kamal\.vscode\extensions\redhat.java-1.34.0-win32-x64\jre\17.0.12-win32-x86_64\bin\instrument.dll
Event: 0.141 Loaded shared library C:\Users\kamal\.vscode\extensions\redhat.java-1.34.0-win32-x64\jre\17.0.12-win32-x86_64\bin\net.dll
Event: 0.142 Loaded shared library C:\Users\kamal\.vscode\extensions\redhat.java-1.34.0-win32-x64\jre\17.0.12-win32-x86_64\bin\nio.dll
Event: 0.146 Loaded shared library C:\Users\kamal\.vscode\extensions\redhat.java-1.34.0-win32-x64\jre\17.0.12-win32-x86_64\bin\zip.dll
Event: 0.154 Loaded shared library C:\Users\kamal\.vscode\extensions\redhat.java-1.34.0-win32-x64\jre\17.0.12-win32-x86_64\bin\jimage.dll
Event: 0.183 Loaded shared library c:\Users\kamal\.vscode\extensions\redhat.java-1.34.0-win32-x64\jre\17.0.12-win32-x86_64\bin\verify.dll
Event: 0.811 Loaded shared library C:\Users\kamal\AppData\Roaming\Code\User\globalStorage\redhat.java\1.34.0\config_win\org.eclipse.equinox.launcher\org.eclipse.equinox.launcher.win32.win32.x86_64_1.2.1100.v20240722-2106\eclipse_11904.dll
Event: 1.724 Loaded shared library C:\Users\kamal\AppData\Local\Temp\jna-101814338\jna17834677161698334888.dll
Event: 2.894 Loaded shared library C:\Users\kamal\.vscode\extensions\redhat.java-1.34.0-win32-x64\jre\17.0.12-win32-x86_64\bin\sunmscapi.dll
Event: 3.009 Loaded shared library C:\Users\kamal\.vscode\extensions\redhat.java-1.34.0-win32-x64\jre\17.0.12-win32-x86_64\bin\extnet.dll

Deoptimization events (20 events):
Event: 19.952 Thread 0x00000222e8e42000 DEOPT PACKING pc=0x00000222d54489c8 sp=0x000000ff057fedf0
Event: 19.952 Thread 0x00000222e8e3f780 DEOPT PACKING pc=0x00000222d54489c8 sp=0x000000ff03dff150
Event: 19.952 Thread 0x00000222e8e3f780 DEOPT UNPACKING pc=0x00000222d4d59ea3 sp=0x000000ff03dff0e0 mode 2
Event: 19.952 Thread 0x00000222e8e42000 DEOPT UNPACKING pc=0x00000222d4d59ea3 sp=0x000000ff057fed80 mode 2
Event: 19.980 Thread 0x00000222e8650d10 Uncommon trap: trap_request=0xffffff6e fr.pc=0x00000222d539078c relative=0x000000000000016c
Event: 19.980 Thread 0x00000222e8650d10 Uncommon trap: reason=loop_limit_check action=maybe_recompile pc=0x00000222d539078c method=java.lang.StringLatin1.lastIndexOf([BII)I @ 19 c2
Event: 19.980 Thread 0x00000222e8650d10 DEOPT PACKING pc=0x00000222d539078c sp=0x000000ff054fd100
Event: 19.980 Thread 0x00000222e8650d10 DEOPT UNPACKING pc=0x00000222d4d59ea3 sp=0x000000ff054fcfb8 mode 2
Event: 19.981 Thread 0x00000222e8650d10 Uncommon trap: trap_request=0xffffff45 fr.pc=0x00000222d53cfaa0 relative=0x0000000000000100
Event: 19.981 Thread 0x00000222e8650d10 Uncommon trap: reason=unstable_if action=reinterpret pc=0x00000222d53cfaa0 method=java.util.ArrayDeque.addLast(Ljava/lang/Object;)V @ 42 c2
Event: 19.981 Thread 0x00000222e8650d10 DEOPT PACKING pc=0x00000222d53cfaa0 sp=0x000000ff054fd3b0
Event: 19.981 Thread 0x00000222e8650d10 DEOPT UNPACKING pc=0x00000222d4d59ea3 sp=0x000000ff054fd350 mode 2
Event: 19.983 Thread 0x00000222e8650d10 Uncommon trap: trap_request=0xffffff45 fr.pc=0x00000222d5575358 relative=0x0000000000001138
Event: 19.983 Thread 0x00000222e8650d10 Uncommon trap: reason=unstable_if action=reinterpret pc=0x00000222d5575358 method=lombok.eclipse.agent.EclipsePatcher$1.shouldTransform(Ljava/lang/ClassLoader;Ljava/lang/String;Ljava/lang/Class;Ljava/security/ProtectionDomain;[B)Z @ 66 c2
Event: 19.983 Thread 0x00000222e8650d10 DEOPT PACKING pc=0x00000222d5575358 sp=0x000000ff054fb870
Event: 19.983 Thread 0x00000222e8650d10 DEOPT UNPACKING pc=0x00000222d4d59ea3 sp=0x000000ff054fb768 mode 2
Event: 20.011 Thread 0x00000222e5e77660 Uncommon trap: trap_request=0xffffffc6 fr.pc=0x00000222d57ff994 relative=0x00000000000012b4
Event: 20.011 Thread 0x00000222e5e77660 Uncommon trap: reason=bimorphic_or_optimized_type_check action=maybe_recompile pc=0x00000222d57ff994 method=java.util.concurrent.ConcurrentHashMap.computeIfAbsent(Ljava/lang/Object;Ljava/util/function/Function;)Ljava/lang/Object; @ 323 c2
Event: 20.011 Thread 0x00000222e5e77660 DEOPT PACKING pc=0x00000222d57ff994 sp=0x000000ff043fef50
Event: 20.011 Thread 0x00000222e5e77660 DEOPT UNPACKING pc=0x00000222d4d59ea3 sp=0x000000ff043feec0 mode 2

Classes loaded (20 events):
Event: 6.913 Loading class sun/nio/cs/Surrogate
Event: 6.913 Loading class sun/nio/cs/Surrogate done
Event: 7.511 Loading class java/util/concurrent/CompletableFuture$UniApply
Event: 7.511 Loading class java/util/concurrent/CompletableFuture$UniApply done
Event: 7.512 Loading class java/util/concurrent/ForkJoinPool$DefaultCommonPoolForkJoinWorkerThreadFactory$1
Event: 7.512 Loading class java/util/concurrent/ForkJoinPool$DefaultCommonPoolForkJoinWorkerThreadFactory$1 done
Event: 7.512 Loading class java/util/concurrent/CompletableFuture$UniExceptionally
Event: 7.512 Loading class java/util/HashMap$ValueSpliterator
Event: 7.512 Loading class java/util/concurrent/CompletableFuture$UniExceptionally done
Event: 7.512 Loading class java/util/HashMap$ValueSpliterator done
Event: 14.198 Loading class sun/security/ssl/Alert
Event: 15.191 Loading class sun/security/ssl/Alert done
Event: 16.220 Loading class sun/security/ssl/Alert$AlertConsumer
Event: 16.907 Loading class sun/security/ssl/Alert$AlertConsumer done
Event: 17.032 Loading class sun/security/ssl/Alert$Level
Event: 18.446 Loading class sun/security/ssl/Alert$Level done
Event: 19.730 Loading class java/util/LinkedList$LLSpliterator
Event: 19.731 Loading class java/util/LinkedList$LLSpliterator done
Event: 19.894 Loading class sun/nio/cs/ISO_8859_1$Decoder
Event: 19.894 Loading class sun/nio/cs/ISO_8859_1$Decoder done

Classes unloaded (7 events):
Event: 1.505 Thread 0x00000222de9b2c20 Unloading class 0x000000010024a400 'java/lang/invoke/LambdaForm$MH+0x000000010024a400'
Event: 1.505 Thread 0x00000222de9b2c20 Unloading class 0x000000010024a000 'java/lang/invoke/LambdaForm$MH+0x000000010024a000'
Event: 1.505 Thread 0x00000222de9b2c20 Unloading class 0x0000000100249c00 'java/lang/invoke/LambdaForm$MH+0x0000000100249c00'
Event: 1.505 Thread 0x00000222de9b2c20 Unloading class 0x0000000100249800 'java/lang/invoke/LambdaForm$MH+0x0000000100249800'
Event: 1.505 Thread 0x00000222de9b2c20 Unloading class 0x0000000100249400 'java/lang/invoke/LambdaForm$BMH+0x0000000100249400'
Event: 1.505 Thread 0x00000222de9b2c20 Unloading class 0x0000000100249000 'java/lang/invoke/LambdaForm$DMH+0x0000000100249000'
Event: 1.505 Thread 0x00000222de9b2c20 Unloading class 0x0000000100244400 'java/lang/invoke/LambdaForm$DMH+0x0000000100244400'

Classes redefined (0 events):
No events

Internal exceptions (20 events):
Event: 5.550 Thread 0x00000222e86553f0 Exception <a 'java/lang/NoSuchMethodError'{0x00000000eaea5198}: 'java.lang.Object java.lang.invoke.DirectMethodHandle$Holder.newInvokeSpecial(java.lang.Object, java.lang.Object, int)'> (0x00000000eaea5198) 
thrown [s\src\hotspot\share\interpreter\linkResolver.cpp, line 759]
Event: 5.597 Thread 0x00000222e86553f0 Exception <a 'java/io/FileNotFoundException'{0x00000000eac98ab0}> (0x00000000eac98ab0) 
thrown [s\src\hotspot\share\prims\jni.cpp, line 516]
Event: 5.597 Thread 0x00000222e86553f0 Exception <a 'java/io/FileNotFoundException'{0x00000000eac99ab8}> (0x00000000eac99ab8) 
thrown [s\src\hotspot\share\prims\jni.cpp, line 516]
Event: 6.588 Thread 0x00000222e5e77660 Implicit null exception at 0x00000222d55c0044 to 0x00000222d55c4b18
Event: 6.794 Thread 0x00000222e8650d10 Exception <a 'java/lang/NoSuchMethodError'{0x00000000eae41100}: 'java.lang.Object java.lang.invoke.DirectMethodHandle$Holder.newInvokeSpecial(java.lang.Object, java.lang.Object, java.lang.Object, java.lang.Object, java.lang.Object, java.lang.Object, java.lang.Object, java.lang.Object)'> (0x00000000eae41100) 
thrown [s\src\hotspot\share\interpreter\linkResolver.cpp, line 759]
Event: 6.794 Thread 0x00000222e8650d10 Exception <a 'java/lang/NoSuchMethodError'{0x00000000eae74a50}: 'java.lang.Object java.lang.invoke.Invokers$Holder.linkToTargetMethod(java.lang.Object, java.lang.Object, java.lang.Object, java.lang.Object, java.lang.Object, java.lang.Object, java.lang.Object, java.lang.Object)'> (0x00000000eae74a50) 
thrown [s\src\hotspot\share\interpreter\linkResolver.cpp, line 759]
Event: 6.798 Thread 0x00000222e8650d10 Exception <a 'java/lang/NoSuchMethodError'{0x00000000eab03120}: 'java.lang.Object java.lang.invoke.DirectMethodHandle$Holder.invokeStatic(java.lang.Object, java.lang.Object, int, java.lang.Object, java.lang.Object)'> (0x00000000eab03120) 
thrown [s\src\hotspot\share\interpreter\linkResolver.cpp, line 759]
Event: 6.810 Thread 0x00000222e8650d10 Exception <a 'java/lang/NoSuchMethodError'{0x00000000eae0d4f0}: 'void java.lang.invoke.DirectMethodHandle$Holder.invokeStatic(java.lang.Object, int)'> (0x00000000eae0d4f0) 
thrown [s\src\hotspot\share\interpreter\linkResolver.cpp, line 759]
Event: 6.888 Thread 0x00000222e8650d10 Exception <a 'java/io/FileNotFoundException'{0x00000000eafdc6f0}> (0x00000000eafdc6f0) 
thrown [s\src\hotspot\share\prims\jni.cpp, line 516]
Event: 8.718 Thread 0x00000222e8650d10 Exception <a 'java/lang/NoSuchMethodError'{0x00000000eaeaf1b8}: 'java.lang.Object java.lang.invoke.DirectMethodHandle$Holder.invokeInterface(java.lang.Object, java.lang.Object, java.lang.Object)'> (0x00000000eaeaf1b8) 
thrown [s\src\hotspot\share\interpreter\linkResolver.cpp, line 759]
Event: 8.720 Thread 0x00000222e8650d10 Exception <a 'java/lang/NoSuchMethodError'{0x00000000eafe27a0}: 'int java.lang.invoke.DirectMethodHandle$Holder.invokeSpecialIFC(java.lang.Object, java.lang.Object, java.lang.Object)'> (0x00000000eafe27a0) 
thrown [s\src\hotspot\share\interpreter\linkResolver.cpp, line 759]
Event: 9.172 Thread 0x00000222e8650d10 Implicit null exception at 0x00000222d5793961 to 0x00000222d5793f7c
Event: 19.736 Thread 0x00000222e8650d10 Exception <a 'java/lang/NoSuchMethodError'{0x00000000eab96d98}: 'java.lang.Object java.lang.invoke.Invokers$Holder.linkToTargetMethod(java.lang.Object, java.lang.Object, java.lang.Object, java.lang.Object, java.lang.Object, java.lang.Object, java.lang.Object)'> (0x00000000eab96d98) 
thrown [s\src\hotspot\share\interpreter\linkResolver.cpp, line 759]
Event: 19.746 Thread 0x00000222e8650d10 Exception <a 'java/lang/NoSuchMethodError'{0x00000000eac164a0}: 'void java.lang.invoke.DirectMethodHandle$Holder.invokeInterface(java.lang.Object, java.lang.Object)'> (0x00000000eac164a0) 
thrown [s\src\hotspot\share\interpreter\linkResolver.cpp, line 759]
Event: 19.751 Thread 0x00000222e8650d10 Exception <a 'java/lang/NoSuchMethodError'{0x00000000eab913e0}: 'java.lang.Object java.lang.invoke.DirectMethodHandle$Holder.newInvokeSpecial(java.lang.Object, java.lang.Object, java.lang.Object, java.lang.Object, java.lang.Object, java.lang.Object)'> (0x00000000eab913e0) 
thrown [s\src\hotspot\share\interpreter\linkResolver.cpp, line 759]
Event: 19.753 Thread 0x00000222e8e3f780 Exception <a 'java/lang/NoSuchMethodError'{0x00000000eac9bae8}: 'void java.lang.invoke.DirectMethodHandle$Holder.invokeSpecial(java.lang.Object, java.lang.Object, java.lang.Object, java.lang.Object, java.lang.Object, java.lang.Object, java.lang.Object, java.lang.Object)'> (0x00000000eac9bae8) 
thrown [s\src\hotspot\share\interpreter\linkResolver.cpp, line 759]
Event: 19.753 Thread 0x00000222e8e3e850 Exception <a 'java/lang/NoSuchMethodError'{0x00000000eac73ce0}: 'void java.lang.invoke.DirectMethodHandle$Holder.invokeSpecial(java.lang.Object, java.lang.Object, java.lang.Object, java.lang.Object, java.lang.Object, java.lang.Object, java.lang.Object, java.lang.Object)'> (0x00000000eac73ce0) 
thrown [s\src\hotspot\share\interpreter\linkResolver.cpp, line 759]
Event: 19.753 Thread 0x00000222e8e3cf00 Exception <a 'java/lang/NoSuchMethodError'{0x00000000eaca0448}: 'void java.lang.invoke.DirectMethodHandle$Holder.invokeSpecial(java.lang.Object, java.lang.Object, java.lang.Object, java.lang.Object, java.lang.Object, java.lang.Object, java.lang.Object, java.lang.Object)'> (0x00000000eaca0448) 
thrown [s\src\hotspot\share\interpreter\linkResolver.cpp, line 759]
Event: 19.753 Thread 0x00000222e8e42000 Exception <a 'java/lang/NoSuchMethodError'{0x00000000eac658e0}: 'void java.lang.invoke.DirectMethodHandle$Holder.invokeSpecial(java.lang.Object, java.lang.Object, java.lang.Object, java.lang.Object, java.lang.Object, java.lang.Object, java.lang.Object, java.lang.Object)'> (0x00000000eac658e0) 
thrown [s\src\hotspot\share\interpreter\linkResolver.cpp, line 759]
Event: 19.753 Thread 0x00000222e8e41af0 Exception <a 'java/lang/NoSuchMethodError'{0x00000000eac8a2f0}: 'void java.lang.invoke.DirectMethodHandle$Holder.invokeSpecial(java.lang.Object, java.lang.Object, java.lang.Object, java.lang.Object, java.lang.Object, java.lang.Object, java.lang.Object, java.lang.Object)'> (0x00000000eac8a2f0) 
thrown [s\src\hotspot\share\interpreter\linkResolver.cpp, line 759]

VM Operations (20 events):
Event: 19.961 Executing VM operation: ParallelGCFailedAllocation done
Event: 19.961 Executing VM operation: HandshakeAllThreads
Event: 19.962 Executing VM operation: HandshakeAllThreads done
Event: 19.969 Executing VM operation: ParallelGCFailedAllocation
Event: 19.971 Executing VM operation: ParallelGCFailedAllocation done
Event: 19.978 Executing VM operation: ParallelGCFailedAllocation
Event: 19.979 Executing VM operation: ParallelGCFailedAllocation done
Event: 19.986 Executing VM operation: ParallelGCFailedAllocation
Event: 19.987 Executing VM operation: ParallelGCFailedAllocation done
Event: 19.994 Executing VM operation: ParallelGCFailedAllocation
Event: 19.995 Executing VM operation: ParallelGCFailedAllocation done
Event: 20.014 Executing VM operation: ParallelGCFailedAllocation
Event: 20.015 Executing VM operation: ParallelGCFailedAllocation done
Event: 20.021 Executing VM operation: ParallelGCFailedAllocation
Event: 20.022 Executing VM operation: ParallelGCFailedAllocation done
Event: 20.027 Executing VM operation: ParallelGCFailedAllocation
Event: 20.029 Executing VM operation: ParallelGCFailedAllocation done
Event: 20.035 Executing VM operation: ParallelGCFailedAllocation
Event: 20.036 Executing VM operation: ParallelGCFailedAllocation done
Event: 20.042 Executing VM operation: ParallelGCFailedAllocation

Events (20 events):
Event: 19.729 Thread 0x00000222e8654ee0 Thread exited: 0x00000222e8654ee0
Event: 19.752 Thread 0x00000222e8e3f780 Thread added: 0x00000222e8e3f780
Event: 19.752 Thread 0x00000222e8e41af0 Thread added: 0x00000222e8e41af0
Event: 19.752 Thread 0x00000222e8e42000 Thread added: 0x00000222e8e42000
Event: 19.752 Thread 0x00000222e8e3e850 Thread added: 0x00000222e8e3e850
Event: 19.752 Thread 0x00000222e8e3cf00 Thread added: 0x00000222e8e3cf00
Event: 19.754 Thread 0x00000222e8e459c0 Thread added: 0x00000222e8e459c0
Event: 19.952 Thread 0x00000222e8e41af0 Thread exited: 0x00000222e8e41af0
Event: 19.952 Thread 0x00000222e8e42000 Thread exited: 0x00000222e8e42000
Event: 19.952 Thread 0x00000222e8e3cf00 Thread exited: 0x00000222e8e3cf00
Event: 19.952 Thread 0x00000222e8e3e850 Thread exited: 0x00000222e8e3e850
Event: 19.952 Thread 0x00000222e8e3f780 Thread exited: 0x00000222e8e3f780
Event: 19.973 Thread 0x00000222e3b61520 flushing nmethod 0x00000222ce06cd10
Event: 19.974 Thread 0x00000222e3b61520 flushing nmethod 0x00000222ce3a9810
Event: 19.974 Thread 0x00000222e3b61520 flushing nmethod 0x00000222ce3ac110
Event: 19.974 Thread 0x00000222e3b61520 flushing nmethod 0x00000222ce3adf10
Event: 19.975 Thread 0x00000222e3b61520 flushing nmethod 0x00000222ce444390
Event: 19.975 Thread 0x00000222e3b61520 flushing nmethod 0x00000222ce453310
Event: 19.975 Thread 0x00000222e3b61520 flushing nmethod 0x00000222ce465690
Event: 19.993 Thread 0x00000222e7811280 Thread added: 0x00000222e7811280


Dynamic libraries:
0x00007ff683890000 - 0x00007ff68389e000 	c:\Users\kamal\.vscode\extensions\redhat.java-1.34.0-win32-x64\jre\17.0.12-win32-x86_64\bin\java.exe
0x00007ffd1e8b0000 - 0x00007ffd1eac7000 	C:\Windows\SYSTEM32\ntdll.dll
0x00007ffd1cdb0000 - 0x00007ffd1ce74000 	C:\Windows\System32\KERNEL32.DLL
0x00007ffd1bd20000 - 0x00007ffd1c0cd000 	C:\Windows\System32\KERNELBASE.dll
0x00007ffd1bc00000 - 0x00007ffd1bd11000 	C:\Windows\System32\ucrtbase.dll
0x00007ffcea6a0000 - 0x00007ffcea6b7000 	c:\Users\kamal\.vscode\extensions\redhat.java-1.34.0-win32-x64\jre\17.0.12-win32-x86_64\bin\jli.dll
0x00007ffd1c720000 - 0x00007ffd1c8ce000 	C:\Windows\System32\USER32.dll
0x00007ffcea4d0000 - 0x00007ffcea4eb000 	c:\Users\kamal\.vscode\extensions\redhat.java-1.34.0-win32-x64\jre\17.0.12-win32-x86_64\bin\VCRUNTIME140.dll
0x00007ffd1c3a0000 - 0x00007ffd1c3c6000 	C:\Windows\System32\win32u.dll
0x00007ffcff9f0000 - 0x00007ffcffc83000 	C:\Windows\WinSxS\amd64_microsoft.windows.common-controls_6595b64144ccf1df_6.0.22621.3672_none_2713b9d173822955\COMCTL32.dll
0x00007ffd1cae0000 - 0x00007ffd1cb09000 	C:\Windows\System32\GDI32.dll
0x00007ffd1dad0000 - 0x00007ffd1db77000 	C:\Windows\System32\msvcrt.dll
0x00007ffd1c1c0000 - 0x00007ffd1c2d9000 	C:\Windows\System32\gdi32full.dll
0x00007ffd1c3d0000 - 0x00007ffd1c46a000 	C:\Windows\System32\msvcp_win.dll
0x00007ffd1c5e0000 - 0x00007ffd1c611000 	C:\Windows\System32\IMM32.DLL
0x00007ffd06f40000 - 0x00007ffd06f4c000 	c:\Users\kamal\.vscode\extensions\redhat.java-1.34.0-win32-x64\jre\17.0.12-win32-x86_64\bin\vcruntime140_1.dll
0x00007ffc67d40000 - 0x00007ffc67dcd000 	c:\Users\kamal\.vscode\extensions\redhat.java-1.34.0-win32-x64\jre\17.0.12-win32-x86_64\bin\msvcp140.dll
0x00007ffc34450000 - 0x00007ffc350ba000 	c:\Users\kamal\.vscode\extensions\redhat.java-1.34.0-win32-x64\jre\17.0.12-win32-x86_64\bin\server\jvm.dll
0x00007ffd1d3a0000 - 0x00007ffd1d452000 	C:\Windows\System32\ADVAPI32.dll
0x00007ffd1d510000 - 0x00007ffd1d5b9000 	C:\Windows\System32\sechost.dll
0x00007ffd1bbd0000 - 0x00007ffd1bbf8000 	C:\Windows\System32\bcrypt.dll
0x00007ffd1d280000 - 0x00007ffd1d394000 	C:\Windows\System32\RPCRT4.dll
0x00007ffd1cb20000 - 0x00007ffd1cb91000 	C:\Windows\System32\WS2_32.dll
0x00007ffd12380000 - 0x00007ffd123b4000 	C:\Windows\SYSTEM32\WINMM.dll
0x00007ffd11f40000 - 0x00007ffd11f4a000 	C:\Windows\SYSTEM32\VERSION.dll
0x00007ffd1aa50000 - 0x00007ffd1aa9d000 	C:\Windows\SYSTEM32\POWRPROF.dll
0x00007ffd1aa30000 - 0x00007ffd1aa43000 	C:\Windows\SYSTEM32\UMPDC.dll
0x00007ffd1ace0000 - 0x00007ffd1acf8000 	C:\Windows\SYSTEM32\kernel.appcore.dll
0x00007ffd05f80000 - 0x00007ffd05f8a000 	c:\Users\kamal\.vscode\extensions\redhat.java-1.34.0-win32-x64\jre\17.0.12-win32-x86_64\bin\jimage.dll
0x00007ffd19590000 - 0x00007ffd197c2000 	C:\Windows\SYSTEM32\DBGHELP.DLL
0x00007ffd1d5e0000 - 0x00007ffd1d96e000 	C:\Windows\System32\combase.dll
0x00007ffd1ce80000 - 0x00007ffd1cf57000 	C:\Windows\System32\OLEAUT32.dll
0x00007ffd0d4f0000 - 0x00007ffd0d522000 	C:\Windows\SYSTEM32\dbgcore.DLL
0x00007ffd1c0d0000 - 0x00007ffd1c14b000 	C:\Windows\System32\bcryptPrimitives.dll
0x00007ffcf6020000 - 0x00007ffcf602e000 	c:\Users\kamal\.vscode\extensions\redhat.java-1.34.0-win32-x64\jre\17.0.12-win32-x86_64\bin\instrument.dll
0x00007ffccffa0000 - 0x00007ffccffc5000 	c:\Users\kamal\.vscode\extensions\redhat.java-1.34.0-win32-x64\jre\17.0.12-win32-x86_64\bin\java.dll
0x00007ffce5660000 - 0x00007ffce5678000 	c:\Users\kamal\.vscode\extensions\redhat.java-1.34.0-win32-x64\jre\17.0.12-win32-x86_64\bin\zip.dll
0x00007ffd1db80000 - 0x00007ffd1e3e7000 	C:\Windows\System32\SHELL32.dll
0x00007ffd19b10000 - 0x00007ffd1a40f000 	C:\Windows\SYSTEM32\windows.storage.dll
0x00007ffd199d0000 - 0x00007ffd19b0f000 	C:\Windows\SYSTEM32\wintypes.dll
0x00007ffd1d9d0000 - 0x00007ffd1dac9000 	C:\Windows\System32\SHCORE.dll
0x00007ffd1d970000 - 0x00007ffd1d9ce000 	C:\Windows\System32\shlwapi.dll
0x00007ffd1bb00000 - 0x00007ffd1bb27000 	C:\Windows\SYSTEM32\profapi.dll
0x00007ffce0bd0000 - 0x00007ffce0be9000 	C:\Users\kamal\.vscode\extensions\redhat.java-1.34.0-win32-x64\jre\17.0.12-win32-x86_64\bin\net.dll
0x00007ffd14860000 - 0x00007ffd14996000 	C:\Windows\SYSTEM32\WINHTTP.dll
0x00007ffd1b180000 - 0x00007ffd1b1e9000 	C:\Windows\system32\mswsock.dll
0x00007ffcdd2d0000 - 0x00007ffcdd2e6000 	C:\Users\kamal\.vscode\extensions\redhat.java-1.34.0-win32-x64\jre\17.0.12-win32-x86_64\bin\nio.dll
0x00007ffce5f90000 - 0x00007ffce5fa0000 	c:\Users\kamal\.vscode\extensions\redhat.java-1.34.0-win32-x64\jre\17.0.12-win32-x86_64\bin\verify.dll
0x00007ffc96100000 - 0x00007ffc96145000 	C:\Users\kamal\AppData\Roaming\Code\User\globalStorage\redhat.java\1.34.0\config_win\org.eclipse.equinox.launcher\org.eclipse.equinox.launcher.win32.win32.x86_64_1.2.1100.v20240722-2106\eclipse_11904.dll
0x00007ffd1c930000 - 0x00007ffd1cad5000 	C:\Windows\System32\ole32.dll
0x00007ffd1b3d0000 - 0x00007ffd1b3eb000 	C:\Windows\SYSTEM32\CRYPTSP.dll
0x00007ffd1ac40000 - 0x00007ffd1ac75000 	C:\Windows\system32\rsaenh.dll
0x00007ffd1b270000 - 0x00007ffd1b298000 	C:\Windows\SYSTEM32\USERENV.dll
0x00007ffd1b3f0000 - 0x00007ffd1b3fc000 	C:\Windows\SYSTEM32\CRYPTBASE.dll
0x00007ffd1a6e0000 - 0x00007ffd1a70d000 	C:\Windows\SYSTEM32\IPHLPAPI.DLL
0x00007ffd1cb10000 - 0x00007ffd1cb19000 	C:\Windows\System32\NSI.dll
0x00007ffd14200000 - 0x00007ffd14219000 	C:\Windows\SYSTEM32\dhcpcsvc6.DLL
0x00007ffd14190000 - 0x00007ffd141af000 	C:\Windows\SYSTEM32\dhcpcsvc.DLL
0x00007ffd1a710000 - 0x00007ffd1a808000 	C:\Windows\SYSTEM32\DNSAPI.dll
0x00007ffc95dd0000 - 0x00007ffc95e15000 	C:\Users\kamal\AppData\Local\Temp\jna-101814338\jna17834677161698334888.dll
0x00007ffd1d5d0000 - 0x00007ffd1d5d8000 	C:\Windows\System32\PSAPI.DLL
0x00007ffd06010000 - 0x00007ffd0601e000 	C:\Users\kamal\.vscode\extensions\redhat.java-1.34.0-win32-x64\jre\17.0.12-win32-x86_64\bin\sunmscapi.dll
0x00007ffd1c470000 - 0x00007ffd1c5d7000 	C:\Windows\System32\CRYPT32.dll
0x00007ffd1b570000 - 0x00007ffd1b59e000 	C:\Windows\SYSTEM32\ncrypt.dll
0x00007ffd1b530000 - 0x00007ffd1b567000 	C:\Windows\SYSTEM32\NTASN1.dll
0x00007ffd12720000 - 0x00007ffd1272a000 	C:\Windows\System32\rasadhlp.dll
0x00007ffd12650000 - 0x00007ffd126d3000 	C:\Windows\System32\fwpuclnt.dll
0x00007ffcf90a0000 - 0x00007ffcf90a9000 	C:\Users\kamal\.vscode\extensions\redhat.java-1.34.0-win32-x64\jre\17.0.12-win32-x86_64\bin\extnet.dll

dbghelp: loaded successfully - version: 4.0.5 - missing functions: none
symbol engine: initialized successfully - sym options: 0x614 - pdb path: .;c:\Users\kamal\.vscode\extensions\redhat.java-1.34.0-win32-x64\jre\17.0.12-win32-x86_64\bin;C:\Windows\SYSTEM32;C:\Windows\WinSxS\amd64_microsoft.windows.common-controls_6595b64144ccf1df_6.0.22621.3672_none_2713b9d173822955;c:\Users\kamal\.vscode\extensions\redhat.java-1.34.0-win32-x64\jre\17.0.12-win32-x86_64\bin\server;C:\Users\kamal\AppData\Roaming\Code\User\globalStorage\redhat.java\1.34.0\config_win\org.eclipse.equinox.launcher\org.eclipse.equinox.launcher.win32.win32.x86_64_1.2.1100.v20240722-2106;C:\Users\kamal\AppData\Local\Temp\jna-101814338

VM Arguments:
jvm_args: --add-modules=ALL-SYSTEM --add-opens=java.base/java.util=ALL-UNNAMED --add-opens=java.base/java.lang=ALL-UNNAMED --add-opens=java.base/sun.nio.fs=ALL-UNNAMED -Declipse.application=org.eclipse.jdt.ls.core.id1 -Dosgi.bundles.defaultStartLevel=4 -Declipse.product=org.eclipse.jdt.ls.core.product -Djava.import.generatesMetadataFilesAtProjectRoot=false -DDetectVMInstallationsJob.disabled=true -Dfile.encoding=utf8 -XX:+UseParallelGC -XX:GCTimeRatio=4 -XX:AdaptiveSizePolicyWeight=90 -Dsun.zip.disableMemoryMapping=true -Xmx1G -Xms100m -Xlog:disable -javaagent:c:\Users\kamal\.vscode\extensions\redhat.java-1.34.0-win32-x64\lombok\lombok-1.18.33.jar -XX:+HeapDumpOnOutOfMemoryError -XX:HeapDumpPath=c:\Users\kamal\AppData\Roaming\Code\User\workspaceStorage\d80a8ef48440f1b9badfe7c043a54997\redhat.java -Daether.dependencyCollector.impl=bf 
java_command: c:\Users\kamal\.vscode\extensions\redhat.java-1.34.0-win32-x64\server\plugins\org.eclipse.equinox.launcher_1.6.900.v20240613-2009.jar -configuration c:\Users\kamal\AppData\Roaming\Code\User\globalStorage\redhat.java\1.34.0\config_win -data c:\Users\kamal\AppData\Roaming\Code\User\workspaceStorage\d80a8ef48440f1b9badfe7c043a54997\redhat.java\jdt_ws --pipe=\\.\pipe\lsp-4a28f9f0e2c947142363884f605c1dc6-sock
java_class_path (initial): c:\Users\kamal\.vscode\extensions\redhat.java-1.34.0-win32-x64\server\plugins\org.eclipse.equinox.launcher_1.6.900.v20240613-2009.jar
Launcher Type: SUN_STANDARD

[Global flags]
    uintx AdaptiveSizePolicyWeight                 = 90                                        {product} {command line}
     intx CICompilerCount                          = 4                                         {product} {ergonomic}
    uintx GCTimeRatio                              = 4                                         {product} {command line}
     bool HeapDumpOnOutOfMemoryError               = true                                   {manageable} {command line}
    ccstr HeapDumpPath                             = c:\Users\kamal\AppData\Roaming\Code\User\workspaceStorage\d80a8ef48440f1b9badfe7c043a54997\redhat.java         {manageable} {command line}
   size_t InitialHeapSize                          = 104857600                                 {product} {command line}
   size_t MaxHeapSize                              = 1073741824                                {product} {command line}
   size_t MaxNewSize                               = 357564416                                 {product} {ergonomic}
   size_t MinHeapDeltaBytes                        = 524288                                    {product} {ergonomic}
   size_t MinHeapSize                              = 104857600                                 {product} {command line}
   size_t NewSize                                  = 34603008                                  {product} {ergonomic}
    uintx NonNMethodCodeHeapSize                   = 5839372                                {pd product} {ergonomic}
    uintx NonProfiledCodeHeapSize                  = 122909434                              {pd product} {ergonomic}
   size_t OldSize                                  = 70254592                                  {product} {ergonomic}
    uintx ProfiledCodeHeapSize                     = 122909434                              {pd product} {ergonomic}
    uintx ReservedCodeCacheSize                    = 251658240                              {pd product} {ergonomic}
     bool SegmentedCodeCache                       = true                                      {product} {ergonomic}
   size_t SoftMaxHeapSize                          = 1073741824                             {manageable} {ergonomic}
     bool UseCompressedClassPointers               = true                           {product lp64_product} {ergonomic}
     bool UseCompressedOops                        = true                           {product lp64_product} {ergonomic}
     bool UseLargePagesIndividualAllocation        = false                                  {pd product} {ergonomic}
     bool UseParallelGC                            = true                                      {product} {command line}

Logging:
Log output configuration:
 #0: stdout all=off uptime,level,tags
 #1: stderr all=off uptime,level,tags

Environment Variables:
JAVA_HOME=C:\Program Files\Microsoft\jdk-17.0.11.9-hotspot\
PATH=C:\Python312\Scripts\;C:\Python312\;C:\Program Files\Microsoft\jdk-17.0.11.9-hotspot\bin;C:\Program Files\Microsoft MPI\Bin\;C:\Program Files\Common Files\Oracle\Java\javapath;C:\Program Files (x86)\Common Files\Oracle\Java\javapath;C:\Program Files\Microsoft\jdk-11.0.20.8-hotspot\bin;C:\Windows\system32;C:\Windows;C:\Windows\System32\Wbem;C:\Windows\System32\WindowsPowerShell\v1.0\;C:\Windows\System32\OpenSSH\;C:\Program Files (x86)\NVIDIA Corporation\PhysX\Common;C:\Program Files\dotnet\;C:\ProgramData\chocolatey\bin;D:\Sdk\platform-tools;C:\MinGW\bin;C:\Program Files\Cloudflare\Cloudflare WARP\;D:\Work\ESP32\esp-idf\tools;C:\Espressif\tools\cmake\3.24.0\bin;C:\Espressif\tools\ninja\1.11.1;C:\Espressif\tools\openocd-esp32\v0.12.0-esp32-20230921\openocd-esp32\bin;C:\Espressif\tools\xtensa-esp-elf\esp-13.2.0_20230928\xtensa-esp-elf;C:\Program Files\Microsoft SQL Server\150\Tools\Binn\;C:\Program Files\Microsoft SQL Server\Client SDK\ODBC\170\Tools\Binn\;C:\Program Files\PuTTY\;C:\Program Files\Git\cmd;C:\Users\kamal\Gradle\gradle-8.8\bin;C:\Program Files\nodejs\;;C:\Program Files\NVIDIA Corporation\NVIDIA app\NvDLISR;C:\Program Files\Docker\Docker\resources\bin;C:\Users\kamal\AppData\Local\Programs\Python\Python39\Scripts\;C:\Users\kamal\AppData\Local\Programs\Python\Python39\;C:\Users\kamal\AppData\Local\Programs\Python\Python311\Scripts\;C:\Users\kamal\AppData\Local\Programs\Python\Python311\;D:\softwares\Scripts\;D:\softwares\;C:\Users\kamal\AppData\Local\Microsoft\WindowsApps;C:\Users\kamal\AppData\Local\Programs\Microsoft VS Code\bin;C:\Program Files\JetBrains\IntelliJ IDEA Community Edition 2023.2\bin;;D:\Work\PyCharm Community Edition 2023.2.1\bin;;C:\src\flutter\bin;C:\Program Files (x86)\Nmap;C:\Users\kamal\.dotnet\tools;C:\Mongosh\;C:\Program Files\PostgreSQL\16\bin;C:\Program Files\JetBrains\IntelliJ IDEA 2024.1.4\bin;;C:\Users\kamal\AppData\Local\Microsoft\WinGet\Packages\Schniz.fnm_Microsoft.Winget.Source_8wekyb3d8bbwe;C:\Users\kamal\AppData\Roaming\n
USERNAME=kamal
OS=Windows_NT
PROCESSOR_IDENTIFIER=AMD64 Family 25 Model 116 Stepping 1, AuthenticAMD
TMP=C:\Users\kamal\AppData\Local\Temp
TEMP=C:\Users\kamal\AppData\Local\Temp



Periodic native trim disabled


---------------  S Y S T E M  ---------------

OS:
 Windows 11 , 64 bit Build 22621 (10.0.22621.3958)
OS uptime: 0 days 1:59 hours
Hyper-V role detected

CPU: total 12 (initial active 12) (12 cores per cpu, 2 threads per core) family 25 model 116 stepping 1 microcode 0x0, cx8, cmov, fxsr, ht, mmx, 3dnowpref, sse, sse2, sse3, ssse3, sse4a, sse4.1, sse4.2, popcnt, lzcnt, tsc, tscinvbit, avx, avx2, aes, erms, clmul, bmi1, bmi2, adx, avx512f, avx512dq, avx512cd, avx512bw, avx512vl, sha, fma, vzeroupper, avx512_vpopcntdq, avx512_vpclmulqdq, avx512_vaes, avx512_vnni, clflush, clflushopt, avx512_vbmi2, avx512_vbmi, hv
Processor Information for processor 0
  Max Mhz: 4301, Current Mhz: 2022, Mhz Limit: 4301
Processor Information for processor 1
  Max Mhz: 4301, Current Mhz: 4301, Mhz Limit: 4301
Processor Information for processor 2
  Max Mhz: 4301, Current Mhz: 4301, Mhz Limit: 4301
Processor Information for processor 3
  Max Mhz: 4301, Current Mhz: 4301, Mhz Limit: 4301
Processor Information for processor 4
  Max Mhz: 4301, Current Mhz: 2022, Mhz Limit: 4301
Processor Information for processor 5
  Max Mhz: 4301, Current Mhz: 4301, Mhz Limit: 4301
Processor Information for processor 6
  Max Mhz: 4301, Current Mhz: 4301, Mhz Limit: 4301
Processor Information for processor 7
  Max Mhz: 4301, Current Mhz: 4301, Mhz Limit: 4301
Processor Information for processor 8
  Max Mhz: 4301, Current Mhz: 4301, Mhz Limit: 4301
Processor Information for processor 9
  Max Mhz: 4301, Current Mhz: 4301, Mhz Limit: 4301
Processor Information for processor 10
  Max Mhz: 4301, Current Mhz: 4301, Mhz Limit: 4301
Processor Information for processor 11
  Max Mhz: 4301, Current Mhz: 4301, Mhz Limit: 4301

Memory: 4k page, system-wide physical 15554M (2107M free)
TotalPageFile size 20674M (AvailPageFile size 1M)
current process WorkingSet (physical memory assigned to process): 522M, peak: 522M
current process commit charge ("private bytes"): 930M, peak: 942M

vm_info: OpenJDK 64-Bit Server VM (17.0.12+7) for windows-amd64 JRE (17.0.12+7), built on Jul 16 2024 22:08:24 by "admin" with MS VC++ 16.10 / 16.11 (VS2019)

END.
